[2018-12-14 13:48:10,596] [INFO ] - [restartedMain] [] [com.qsqx.Application] [] - Starting Application on PC-20181207YGGN with PID 8512 (E:\workspace\ide\bill-backend-parent\bill-backend-web\target\classes started by Administrator in E:\workspace\ide\bill-backend-parent)  
[2018-12-14 13:48:10,654] [INFO ] - [restartedMain] [] [com.qsqx.Application] [] - The following profiles are active: dev  
[2018-12-14 13:48:10,895] [INFO ] - [restartedMain] [] [org.springframework.boot.web.servlet.context.AnnotationConfigServletWebServerApplicationContext] [] - Refreshing org.springframework.boot.web.servlet.context.AnnotationConfigServletWebServerApplicationContext@57cc9b6d: startup date [Fri Dec 14 13:48:10 CST 2018]; root of context hierarchy  
[2018-12-14 13:48:12,991] [INFO ] - [restartedMain] [] [org.springframework.data.repository.config.RepositoryConfigurationDelegate] [] - Multiple Spring Data modules found, entering strict repository configuration mode!  
[2018-12-14 13:48:13,021] [INFO ] - [restartedMain] [] [org.springframework.data.repository.config.RepositoryConfigurationDelegate] [] - Multiple Spring Data modules found, entering strict repository configuration mode!  
[2018-12-14 13:48:13,531] [INFO ] - [restartedMain] [] [org.springframework.context.support.PostProcessorRegistrationDelegate$BeanPostProcessorChecker] [] - Bean 'org.springframework.transaction.annotation.ProxyTransactionManagementConfiguration' of type [org.springframework.transaction.annotation.ProxyTransactionManagementConfiguration$$EnhancerBySpringCGLIB$$2b850576] is not eligible for getting processed by all BeanPostProcessors (for example: not eligible for auto-proxying)  
[2018-12-14 13:48:14,000] [INFO ] - [restartedMain] [] [org.springframework.boot.web.embedded.tomcat.TomcatWebServer] [] - Tomcat initialized with port(s): 80 (http)  
[2018-12-14 13:48:14,021] [INFO ] - [restartedMain] [] [org.apache.catalina.core.StandardService] [] - Starting service [Tomcat]  
[2018-12-14 13:48:14,021] [INFO ] - [restartedMain] [] [org.apache.catalina.core.StandardEngine] [] - Starting Servlet Engine: Apache Tomcat/8.5.29  
[2018-12-14 13:48:14,025] [INFO ] - [localhost-startStop-1] [] [org.apache.catalina.core.AprLifecycleListener] [] - The APR based Apache Tomcat Native library which allows optimal performance in production environments was not found on the java.library.path: [D:\develop\java\jdk1.8.0_191\bin;C:\Windows\Sun\Java\bin;C:\Windows\system32;C:\Windows;D:\apache-maven-3.6.0\bin;D:\mysql\MySQL Server 5.5\bin;D:\develop\java\jdk1.8.0_191\bin;C:\Program Files (x86)\Common Files\Oracle\Java\javapath;C:\Windows\system32;C:\Windows;C:\Windows\System32\Wbem;C:\Windows\System32\WindowsPowerShell\v1.0\;C:\Program Files\nodejs\;D:\GIT\Git\cmd;D:\MySQL\MySQL Server 5.5\bin;;C:\Users\Administrator\AppData\Local\Programs\Microsoft VS Code\bin;C:\Users\Administrator\AppData\Roaming\npm;.]  
[2018-12-14 13:48:14,121] [INFO ] - [localhost-startStop-1] [] [org.apache.catalina.core.ContainerBase.[Tomcat].[localhost].[/]] [] - Initializing Spring embedded WebApplicationContext  
[2018-12-14 13:48:14,121] [INFO ] - [localhost-startStop-1] [] [org.springframework.web.context.ContextLoader] [] - Root WebApplicationContext: initialization completed in 3227 ms  
[2018-12-14 13:48:14,575] [INFO ] - [localhost-startStop-1] [] [org.springframework.boot.web.servlet.FilterRegistrationBean] [] - Mapping filter: 'characterEncodingFilter' to: [/*]  
[2018-12-14 13:48:14,575] [INFO ] - [localhost-startStop-1] [] [org.springframework.boot.web.servlet.FilterRegistrationBean] [] - Mapping filter: 'sessionRepositoryFilter' to: [/*]  
[2018-12-14 13:48:14,575] [INFO ] - [localhost-startStop-1] [] [org.springframework.boot.web.servlet.FilterRegistrationBean] [] - Mapping filter: 'hiddenHttpMethodFilter' to: [/*]  
[2018-12-14 13:48:14,575] [INFO ] - [localhost-startStop-1] [] [org.springframework.boot.web.servlet.FilterRegistrationBean] [] - Mapping filter: 'httpPutFormContentFilter' to: [/*]  
[2018-12-14 13:48:14,575] [INFO ] - [localhost-startStop-1] [] [org.springframework.boot.web.servlet.FilterRegistrationBean] [] - Mapping filter: 'requestContextFilter' to: [/*]  
[2018-12-14 13:48:14,575] [INFO ] - [localhost-startStop-1] [] [org.springframework.boot.web.servlet.ServletRegistrationBean] [] - Servlet dispatcherServlet mapped to [/]  
[2018-12-14 13:48:14,802] [INFO ] - [restartedMain] [] [com.alibaba.druid.pool.DruidDataSource] [] - {dataSource-1} inited  
[2018-12-14 13:48:14,959] [INFO ] - [restartedMain] [] [org.springframework.orm.jpa.LocalContainerEntityManagerFactoryBean] [] - Building JPA container EntityManagerFactory for persistence unit 'default'  
[2018-12-14 13:48:14,969] [INFO ] - [restartedMain] [] [org.hibernate.jpa.internal.util.LogHelper] [] - HHH000204: Processing PersistenceUnitInfo [
	name: default
	...]  
[2018-12-14 13:48:15,032] [INFO ] - [restartedMain] [] [org.hibernate.Version] [] - HHH000412: Hibernate Core {5.2.16.Final}  
[2018-12-14 13:48:15,034] [INFO ] - [restartedMain] [] [org.hibernate.cfg.Environment] [] - HHH000206: hibernate.properties not found  
[2018-12-14 13:48:15,071] [INFO ] - [restartedMain] [] [org.hibernate.annotations.common.Version] [] - HCANN000001: Hibernate Commons Annotations {5.0.1.Final}  
[2018-12-14 13:48:15,167] [INFO ] - [restartedMain] [] [org.hibernate.dialect.Dialect] [] - HHH000400: Using dialect: org.hibernate.dialect.MySQL5Dialect  
[2018-12-14 13:48:15,354] [INFO ] - [restartedMain] [] [org.springframework.orm.jpa.LocalContainerEntityManagerFactoryBean] [] - Initialized JPA EntityManagerFactory for persistence unit 'default'  
[2018-12-14 13:48:15,432] [INFO ] - [restartedMain] [] [org.springframework.orm.jpa.LocalContainerEntityManagerFactoryBean] [] - Closing JPA EntityManagerFactory for persistence unit 'default'  
[2018-12-14 13:48:15,436] [INFO ] - [restartedMain] [] [com.alibaba.druid.pool.DruidDataSource] [] - {dataSource-1} closed  
[2018-12-14 13:48:15,451] [INFO ] - [restartedMain] [] [org.apache.catalina.core.StandardService] [] - Stopping service [Tomcat]  
[2018-12-14 13:48:15,465] [INFO ] - [restartedMain] [] [org.springframework.boot.autoconfigure.logging.ConditionEvaluationReportLoggingListener] [] - 

Error starting ApplicationContext. To display the conditions report re-run your application with 'debug' enabled.  
[2018-12-14 16:00:45,825] [INFO ] - [restartedMain] [] [com.qsqx.Application] [] - Starting Application on PC-20181207YGGN with PID 11116 (E:\workspace\ide\bill-backend-parent\bill-backend-web\target\classes started by Administrator in E:\workspace\ide\bill-backend-parent)  
[2018-12-14 16:00:45,846] [INFO ] - [restartedMain] [] [com.qsqx.Application] [] - The following profiles are active: dev  
[2018-12-14 16:00:45,941] [INFO ] - [restartedMain] [] [org.springframework.boot.web.servlet.context.AnnotationConfigServletWebServerApplicationContext] [] - Refreshing org.springframework.boot.web.servlet.context.AnnotationConfigServletWebServerApplicationContext@761a235c: startup date [Fri Dec 14 16:00:45 CST 2018]; root of context hierarchy  
[2018-12-14 16:00:47,768] [INFO ] - [restartedMain] [] [org.springframework.data.repository.config.RepositoryConfigurationDelegate] [] - Multiple Spring Data modules found, entering strict repository configuration mode!  
[2018-12-14 16:00:47,803] [INFO ] - [restartedMain] [] [org.springframework.data.repository.config.RepositoryConfigurationDelegate] [] - Multiple Spring Data modules found, entering strict repository configuration mode!  
[2018-12-14 16:00:48,302] [INFO ] - [restartedMain] [] [org.springframework.context.support.PostProcessorRegistrationDelegate$BeanPostProcessorChecker] [] - Bean 'org.springframework.transaction.annotation.ProxyTransactionManagementConfiguration' of type [org.springframework.transaction.annotation.ProxyTransactionManagementConfiguration$$EnhancerBySpringCGLIB$$a244b461] is not eligible for getting processed by all BeanPostProcessors (for example: not eligible for auto-proxying)  
[2018-12-14 16:00:48,793] [INFO ] - [restartedMain] [] [org.springframework.boot.web.embedded.tomcat.TomcatWebServer] [] - Tomcat initialized with port(s): 80 (http)  
[2018-12-14 16:00:48,814] [INFO ] - [restartedMain] [] [org.apache.catalina.core.StandardService] [] - Starting service [Tomcat]  
[2018-12-14 16:00:48,815] [INFO ] - [restartedMain] [] [org.apache.catalina.core.StandardEngine] [] - Starting Servlet Engine: Apache Tomcat/8.5.29  
[2018-12-14 16:00:48,818] [INFO ] - [localhost-startStop-1] [] [org.apache.catalina.core.AprLifecycleListener] [] - The APR based Apache Tomcat Native library which allows optimal performance in production environments was not found on the java.library.path: [D:\develop\java\jdk1.8.0_191\bin;C:\Windows\Sun\Java\bin;C:\Windows\system32;C:\Windows;D:\apache-maven-3.6.0\bin;D:\mysql\MySQL Server 5.5\bin;D:\develop\java\jdk1.8.0_191\bin;C:\Program Files (x86)\Common Files\Oracle\Java\javapath;C:\Windows\system32;C:\Windows;C:\Windows\System32\Wbem;C:\Windows\System32\WindowsPowerShell\v1.0\;C:\Program Files\nodejs\;D:\GIT\Git\cmd;D:\MySQL\MySQL Server 5.5\bin;;C:\Users\Administrator\AppData\Local\Programs\Microsoft VS Code\bin;C:\Users\Administrator\AppData\Roaming\npm;.]  
[2018-12-14 16:00:48,922] [INFO ] - [localhost-startStop-1] [] [org.apache.catalina.core.ContainerBase.[Tomcat].[localhost].[/]] [] - Initializing Spring embedded WebApplicationContext  
[2018-12-14 16:00:48,922] [INFO ] - [localhost-startStop-1] [] [org.springframework.web.context.ContextLoader] [] - Root WebApplicationContext: initialization completed in 2981 ms  
[2018-12-14 16:00:49,361] [INFO ] - [localhost-startStop-1] [] [org.springframework.boot.web.servlet.FilterRegistrationBean] [] - Mapping filter: 'characterEncodingFilter' to: [/*]  
[2018-12-14 16:00:49,361] [INFO ] - [localhost-startStop-1] [] [org.springframework.boot.web.servlet.FilterRegistrationBean] [] - Mapping filter: 'sessionRepositoryFilter' to: [/*]  
[2018-12-14 16:00:49,361] [INFO ] - [localhost-startStop-1] [] [org.springframework.boot.web.servlet.FilterRegistrationBean] [] - Mapping filter: 'hiddenHttpMethodFilter' to: [/*]  
[2018-12-14 16:00:49,361] [INFO ] - [localhost-startStop-1] [] [org.springframework.boot.web.servlet.FilterRegistrationBean] [] - Mapping filter: 'httpPutFormContentFilter' to: [/*]  
[2018-12-14 16:00:49,362] [INFO ] - [localhost-startStop-1] [] [org.springframework.boot.web.servlet.FilterRegistrationBean] [] - Mapping filter: 'requestContextFilter' to: [/*]  
[2018-12-14 16:00:49,362] [INFO ] - [localhost-startStop-1] [] [org.springframework.boot.web.servlet.ServletRegistrationBean] [] - Servlet dispatcherServlet mapped to [/]  
[2018-12-14 16:00:49,584] [INFO ] - [restartedMain] [] [com.alibaba.druid.pool.DruidDataSource] [] - {dataSource-1} inited  
[2018-12-14 16:00:49,743] [INFO ] - [restartedMain] [] [org.springframework.orm.jpa.LocalContainerEntityManagerFactoryBean] [] - Building JPA container EntityManagerFactory for persistence unit 'default'  
[2018-12-14 16:00:49,753] [INFO ] - [restartedMain] [] [org.hibernate.jpa.internal.util.LogHelper] [] - HHH000204: Processing PersistenceUnitInfo [
	name: default
	...]  
[2018-12-14 16:00:49,815] [INFO ] - [restartedMain] [] [org.hibernate.Version] [] - HHH000412: Hibernate Core {5.2.16.Final}  
[2018-12-14 16:00:49,817] [INFO ] - [restartedMain] [] [org.hibernate.cfg.Environment] [] - HHH000206: hibernate.properties not found  
[2018-12-14 16:00:49,857] [INFO ] - [restartedMain] [] [org.hibernate.annotations.common.Version] [] - HCANN000001: Hibernate Commons Annotations {5.0.1.Final}  
[2018-12-14 16:00:49,953] [INFO ] - [restartedMain] [] [org.hibernate.dialect.Dialect] [] - HHH000400: Using dialect: org.hibernate.dialect.MySQL5Dialect  
[2018-12-14 16:00:50,123] [INFO ] - [restartedMain] [] [org.springframework.orm.jpa.LocalContainerEntityManagerFactoryBean] [] - Initialized JPA EntityManagerFactory for persistence unit 'default'  
[2018-12-14 16:00:50,714] [INFO ] - [restartedMain] [] [org.springframework.web.servlet.mvc.method.annotation.RequestMappingHandlerMapping] [] - Mapped "{[/test],methods=[POST]}" onto public java.util.List<com.qsqx.pojo.User> com.qsqx.controller.test.test(java.lang.Long)  
[2018-12-14 16:00:50,718] [INFO ] - [restartedMain] [] [org.springframework.web.servlet.mvc.method.annotation.RequestMappingHandlerMapping] [] - Mapped "{[/swagger-resources/configuration/security]}" onto public org.springframework.http.ResponseEntity<springfox.documentation.swagger.web.SecurityConfiguration> springfox.documentation.swagger.web.ApiResourceController.securityConfiguration()  
[2018-12-14 16:00:50,719] [INFO ] - [restartedMain] [] [org.springframework.web.servlet.mvc.method.annotation.RequestMappingHandlerMapping] [] - Mapped "{[/swagger-resources]}" onto public org.springframework.http.ResponseEntity<java.util.List<springfox.documentation.swagger.web.SwaggerResource>> springfox.documentation.swagger.web.ApiResourceController.swaggerResources()  
[2018-12-14 16:00:50,720] [INFO ] - [restartedMain] [] [org.springframework.web.servlet.mvc.method.annotation.RequestMappingHandlerMapping] [] - Mapped "{[/swagger-resources/configuration/ui]}" onto public org.springframework.http.ResponseEntity<springfox.documentation.swagger.web.UiConfiguration> springfox.documentation.swagger.web.ApiResourceController.uiConfiguration()  
[2018-12-14 16:00:50,722] [INFO ] - [restartedMain] [] [org.springframework.web.servlet.mvc.method.annotation.RequestMappingHandlerMapping] [] - Mapped "{[/error]}" onto public org.springframework.http.ResponseEntity<java.util.Map<java.lang.String, java.lang.Object>> org.springframework.boot.autoconfigure.web.servlet.error.BasicErrorController.error(javax.servlet.http.HttpServletRequest)  
[2018-12-14 16:00:50,723] [INFO ] - [restartedMain] [] [org.springframework.web.servlet.mvc.method.annotation.RequestMappingHandlerMapping] [] - Mapped "{[/error],produces=[text/html]}" onto public org.springframework.web.servlet.ModelAndView org.springframework.boot.autoconfigure.web.servlet.error.BasicErrorController.errorHtml(javax.servlet.http.HttpServletRequest,javax.servlet.http.HttpServletResponse)  
[2018-12-14 16:00:50,903] [INFO ] - [restartedMain] [] [springfox.documentation.spring.web.PropertySourcedRequestMappingHandlerMapping] [] - Mapped URL path [/v2/api-docs] onto method [public org.springframework.http.ResponseEntity<springfox.documentation.spring.web.json.Json> springfox.documentation.swagger2.web.Swagger2Controller.getDocumentation(java.lang.String,javax.servlet.http.HttpServletRequest)]  
[2018-12-14 16:00:50,988] [INFO ] - [restartedMain] [] [org.springframework.web.servlet.handler.SimpleUrlHandlerMapping] [] - Mapped URL path [/**/favicon.ico] onto handler of type [class org.springframework.web.servlet.resource.ResourceHttpRequestHandler]  
[2018-12-14 16:00:51,195] [INFO ] - [restartedMain] [] [org.springframework.web.servlet.mvc.method.annotation.RequestMappingHandlerAdapter] [] - Looking for @ControllerAdvice: org.springframework.boot.web.servlet.context.AnnotationConfigServletWebServerApplicationContext@761a235c: startup date [Fri Dec 14 16:00:45 CST 2018]; root of context hierarchy  
[2018-12-14 16:00:51,245] [INFO ] - [restartedMain] [] [org.springframework.web.servlet.handler.SimpleUrlHandlerMapping] [] - Mapped URL path [/webjars/**] onto handler of type [class org.springframework.web.servlet.resource.ResourceHttpRequestHandler]  
[2018-12-14 16:00:51,245] [INFO ] - [restartedMain] [] [org.springframework.web.servlet.handler.SimpleUrlHandlerMapping] [] - Mapped URL path [/**] onto handler of type [class org.springframework.web.servlet.resource.ResourceHttpRequestHandler]  
[2018-12-14 16:00:51,721] [INFO ] - [restartedMain] [] [io.lettuce.core.EpollProvider] [] - Starting without optional epoll library  
[2018-12-14 16:00:51,722] [INFO ] - [restartedMain] [] [io.lettuce.core.KqueueProvider] [] - Starting without optional kqueue library  
[2018-12-14 16:00:51,947] [INFO ] - [restartedMain] [] [org.springframework.boot.devtools.autoconfigure.OptionalLiveReloadServer] [] - LiveReload server is running on port 35729  
[2018-12-14 16:00:51,979] [INFO ] - [restartedMain] [] [org.springframework.jmx.export.annotation.AnnotationMBeanExporter] [] - Registering beans for JMX exposure on startup  
[2018-12-14 16:00:51,982] [INFO ] - [restartedMain] [] [org.springframework.jmx.export.annotation.AnnotationMBeanExporter] [] - Bean with name 'dataSource' has been autodetected for JMX exposure  
[2018-12-14 16:00:51,987] [INFO ] - [restartedMain] [] [org.springframework.jmx.export.annotation.AnnotationMBeanExporter] [] - Located MBean 'dataSource': registering with JMX server as MBean [com.alibaba.druid.pool:name=dataSource,type=DruidDataSource]  
[2018-12-14 16:00:51,991] [INFO ] - [restartedMain] [] [org.springframework.context.support.DefaultLifecycleProcessor] [] - Starting beans in phase 2147483647  
[2018-12-14 16:00:51,991] [INFO ] - [restartedMain] [] [springfox.documentation.spring.web.plugins.DocumentationPluginsBootstrapper] [] - Context refreshed  
[2018-12-14 16:00:52,007] [INFO ] - [restartedMain] [] [springfox.documentation.spring.web.plugins.DocumentationPluginsBootstrapper] [] - Found 1 custom documentation plugin(s)  
[2018-12-14 16:00:52,043] [INFO ] - [restartedMain] [] [springfox.documentation.spring.web.scanners.ApiListingReferenceScanner] [] - Scanning for api listing references  
[2018-12-14 16:00:52,329] [INFO ] - [restartedMain] [] [org.springframework.scheduling.annotation.ScheduledAnnotationBeanPostProcessor] [] - No TaskScheduler/ScheduledExecutorService bean found for scheduled processing  
[2018-12-14 16:00:52,384] [INFO ] - [restartedMain] [] [org.springframework.boot.web.embedded.tomcat.TomcatWebServer] [] - Tomcat started on port(s): 80 (http) with context path ''  
[2018-12-14 16:00:52,390] [INFO ] - [restartedMain] [] [com.qsqx.Application] [] - Started Application in 7.453 seconds (JVM running for 8.138)  
[2018-12-14 16:01:06,878] [INFO ] - [http-nio-80-exec-2] [] [org.apache.catalina.core.ContainerBase.[Tomcat].[localhost].[/]] [] - Initializing Spring FrameworkServlet 'dispatcherServlet'  
[2018-12-14 16:01:06,879] [INFO ] - [http-nio-80-exec-2] [] [org.springframework.web.servlet.DispatcherServlet] [] - FrameworkServlet 'dispatcherServlet': initialization started  
[2018-12-14 16:01:06,899] [INFO ] - [http-nio-80-exec-2] [] [org.springframework.web.servlet.DispatcherServlet] [] - FrameworkServlet 'dispatcherServlet': initialization completed in 20 ms  
[2018-12-14 16:16:18,521] [INFO ] - [Thread-22] [] [org.springframework.boot.web.servlet.context.AnnotationConfigServletWebServerApplicationContext] [] - Closing org.springframework.boot.web.servlet.context.AnnotationConfigServletWebServerApplicationContext@761a235c: startup date [Fri Dec 14 16:00:45 CST 2018]; root of context hierarchy  
[2018-12-14 16:16:18,524] [INFO ] - [Thread-22] [] [org.springframework.context.support.DefaultLifecycleProcessor] [] - Stopping beans in phase 2147483647  
[2018-12-14 16:16:18,529] [INFO ] - [Thread-22] [] [org.springframework.jmx.export.annotation.AnnotationMBeanExporter] [] - Unregistering JMX-exposed beans on shutdown  
[2018-12-14 16:16:18,530] [INFO ] - [Thread-22] [] [org.springframework.jmx.export.annotation.AnnotationMBeanExporter] [] - Unregistering JMX-exposed beans  
[2018-12-14 16:16:18,532] [INFO ] - [Thread-22] [] [org.springframework.orm.jpa.LocalContainerEntityManagerFactoryBean] [] - Closing JPA EntityManagerFactory for persistence unit 'default'  
[2018-12-14 16:16:18,539] [INFO ] - [Thread-22] [] [com.alibaba.druid.pool.DruidDataSource] [] - {dataSource-1} closed  
[2018-12-14 16:29:46,685] [INFO ] - [restartedMain] [] [com.qsqx.Application] [] - Starting Application on PC-20181207YGGN with PID 12052 (E:\workspace\ide\bill-backend-parent\bill-backend-web\target\classes started by Administrator in E:\workspace\ide\bill-backend-parent)  
[2018-12-14 16:29:46,688] [INFO ] - [restartedMain] [] [com.qsqx.Application] [] - The following profiles are active: dev  
[2018-12-14 16:29:46,918] [INFO ] - [restartedMain] [] [org.springframework.boot.web.servlet.context.AnnotationConfigServletWebServerApplicationContext] [] - Refreshing org.springframework.boot.web.servlet.context.AnnotationConfigServletWebServerApplicationContext@1066c71e: startup date [Fri Dec 14 16:29:46 CST 2018]; root of context hierarchy  
[2018-12-14 16:29:49,090] [INFO ] - [restartedMain] [] [org.springframework.data.repository.config.RepositoryConfigurationDelegate] [] - Multiple Spring Data modules found, entering strict repository configuration mode!  
[2018-12-14 16:29:49,121] [INFO ] - [restartedMain] [] [org.springframework.data.repository.config.RepositoryConfigurationDelegate] [] - Multiple Spring Data modules found, entering strict repository configuration mode!  
[2018-12-14 16:29:49,614] [INFO ] - [restartedMain] [] [org.springframework.context.support.PostProcessorRegistrationDelegate$BeanPostProcessorChecker] [] - Bean 'org.springframework.transaction.annotation.ProxyTransactionManagementConfiguration' of type [org.springframework.transaction.annotation.ProxyTransactionManagementConfiguration$$EnhancerBySpringCGLIB$$6d3da0f5] is not eligible for getting processed by all BeanPostProcessors (for example: not eligible for auto-proxying)  
[2018-12-14 16:29:49,979] [INFO ] - [restartedMain] [] [org.springframework.boot.web.embedded.tomcat.TomcatWebServer] [] - Tomcat initialized with port(s): 80 (http)  
[2018-12-14 16:29:50,001] [INFO ] - [restartedMain] [] [org.apache.catalina.core.StandardService] [] - Starting service [Tomcat]  
[2018-12-14 16:29:50,001] [INFO ] - [restartedMain] [] [org.apache.catalina.core.StandardEngine] [] - Starting Servlet Engine: Apache Tomcat/8.5.29  
[2018-12-14 16:29:50,005] [INFO ] - [localhost-startStop-1] [] [org.apache.catalina.core.AprLifecycleListener] [] - The APR based Apache Tomcat Native library which allows optimal performance in production environments was not found on the java.library.path: [D:\develop\java\jdk1.8.0_191\bin;C:\Windows\Sun\Java\bin;C:\Windows\system32;C:\Windows;D:\apache-maven-3.6.0\bin;D:\mysql\MySQL Server 5.5\bin;D:\develop\java\jdk1.8.0_191\bin;C:\Program Files (x86)\Common Files\Oracle\Java\javapath;C:\Windows\system32;C:\Windows;C:\Windows\System32\Wbem;C:\Windows\System32\WindowsPowerShell\v1.0\;C:\Program Files\nodejs\;D:\GIT\Git\cmd;D:\MySQL\MySQL Server 5.5\bin;;C:\Users\Administrator\AppData\Local\Programs\Microsoft VS Code\bin;C:\Users\Administrator\AppData\Roaming\npm;.]  
[2018-12-14 16:29:50,111] [INFO ] - [localhost-startStop-1] [] [org.apache.catalina.core.ContainerBase.[Tomcat].[localhost].[/]] [] - Initializing Spring embedded WebApplicationContext  
[2018-12-14 16:29:50,111] [INFO ] - [localhost-startStop-1] [] [org.springframework.web.context.ContextLoader] [] - Root WebApplicationContext: initialization completed in 3193 ms  
[2018-12-14 16:29:50,575] [INFO ] - [localhost-startStop-1] [] [org.springframework.boot.web.servlet.FilterRegistrationBean] [] - Mapping filter: 'characterEncodingFilter' to: [/*]  
[2018-12-14 16:29:50,576] [INFO ] - [localhost-startStop-1] [] [org.springframework.boot.web.servlet.FilterRegistrationBean] [] - Mapping filter: 'sessionRepositoryFilter' to: [/*]  
[2018-12-14 16:29:50,576] [INFO ] - [localhost-startStop-1] [] [org.springframework.boot.web.servlet.FilterRegistrationBean] [] - Mapping filter: 'hiddenHttpMethodFilter' to: [/*]  
[2018-12-14 16:29:50,576] [INFO ] - [localhost-startStop-1] [] [org.springframework.boot.web.servlet.FilterRegistrationBean] [] - Mapping filter: 'httpPutFormContentFilter' to: [/*]  
[2018-12-14 16:29:50,576] [INFO ] - [localhost-startStop-1] [] [org.springframework.boot.web.servlet.FilterRegistrationBean] [] - Mapping filter: 'requestContextFilter' to: [/*]  
[2018-12-14 16:29:50,576] [INFO ] - [localhost-startStop-1] [] [org.springframework.boot.web.servlet.ServletRegistrationBean] [] - Servlet dispatcherServlet mapped to [/]  
[2018-12-14 16:29:50,962] [INFO ] - [restartedMain] [] [org.springframework.orm.jpa.LocalContainerEntityManagerFactoryBean] [] - Building JPA container EntityManagerFactory for persistence unit 'default'  
[2018-12-14 16:29:50,972] [INFO ] - [restartedMain] [] [org.hibernate.jpa.internal.util.LogHelper] [] - HHH000204: Processing PersistenceUnitInfo [
	name: default
	...]  
[2018-12-14 16:29:51,033] [INFO ] - [restartedMain] [] [org.hibernate.Version] [] - HHH000412: Hibernate Core {5.2.16.Final}  
[2018-12-14 16:29:51,035] [INFO ] - [restartedMain] [] [org.hibernate.cfg.Environment] [] - HHH000206: hibernate.properties not found  
[2018-12-14 16:29:51,075] [INFO ] - [restartedMain] [] [org.hibernate.annotations.common.Version] [] - HCANN000001: Hibernate Commons Annotations {5.0.1.Final}  
[2018-12-14 16:29:51,171] [INFO ] - [restartedMain] [] [org.hibernate.dialect.Dialect] [] - HHH000400: Using dialect: org.hibernate.dialect.MySQL5Dialect  
[2018-12-14 16:29:51,339] [INFO ] - [restartedMain] [] [org.springframework.orm.jpa.LocalContainerEntityManagerFactoryBean] [] - Initialized JPA EntityManagerFactory for persistence unit 'default'  
[2018-12-14 16:29:51,931] [INFO ] - [restartedMain] [] [org.springframework.web.servlet.mvc.method.annotation.RequestMappingHandlerMapping] [] - Mapped "{[/test],methods=[POST]}" onto public void com.qsqx.controller.test.test(javax.servlet.http.HttpServletRequest,javax.servlet.http.HttpServletResponse)  
[2018-12-14 16:29:51,936] [INFO ] - [restartedMain] [] [org.springframework.web.servlet.mvc.method.annotation.RequestMappingHandlerMapping] [] - Mapped "{[/swagger-resources]}" onto public org.springframework.http.ResponseEntity<java.util.List<springfox.documentation.swagger.web.SwaggerResource>> springfox.documentation.swagger.web.ApiResourceController.swaggerResources()  
[2018-12-14 16:29:51,936] [INFO ] - [restartedMain] [] [org.springframework.web.servlet.mvc.method.annotation.RequestMappingHandlerMapping] [] - Mapped "{[/swagger-resources/configuration/ui]}" onto public org.springframework.http.ResponseEntity<springfox.documentation.swagger.web.UiConfiguration> springfox.documentation.swagger.web.ApiResourceController.uiConfiguration()  
[2018-12-14 16:29:51,937] [INFO ] - [restartedMain] [] [org.springframework.web.servlet.mvc.method.annotation.RequestMappingHandlerMapping] [] - Mapped "{[/swagger-resources/configuration/security]}" onto public org.springframework.http.ResponseEntity<springfox.documentation.swagger.web.SecurityConfiguration> springfox.documentation.swagger.web.ApiResourceController.securityConfiguration()  
[2018-12-14 16:29:51,939] [INFO ] - [restartedMain] [] [org.springframework.web.servlet.mvc.method.annotation.RequestMappingHandlerMapping] [] - Mapped "{[/error]}" onto public org.springframework.http.ResponseEntity<java.util.Map<java.lang.String, java.lang.Object>> org.springframework.boot.autoconfigure.web.servlet.error.BasicErrorController.error(javax.servlet.http.HttpServletRequest)  
[2018-12-14 16:29:51,940] [INFO ] - [restartedMain] [] [org.springframework.web.servlet.mvc.method.annotation.RequestMappingHandlerMapping] [] - Mapped "{[/error],produces=[text/html]}" onto public org.springframework.web.servlet.ModelAndView org.springframework.boot.autoconfigure.web.servlet.error.BasicErrorController.errorHtml(javax.servlet.http.HttpServletRequest,javax.servlet.http.HttpServletResponse)  
[2018-12-14 16:29:52,093] [INFO ] - [restartedMain] [] [springfox.documentation.spring.web.PropertySourcedRequestMappingHandlerMapping] [] - Mapped URL path [/v2/api-docs] onto method [public org.springframework.http.ResponseEntity<springfox.documentation.spring.web.json.Json> springfox.documentation.swagger2.web.Swagger2Controller.getDocumentation(java.lang.String,javax.servlet.http.HttpServletRequest)]  
[2018-12-14 16:29:52,186] [INFO ] - [restartedMain] [] [org.springframework.web.servlet.handler.SimpleUrlHandlerMapping] [] - Mapped URL path [/**/favicon.ico] onto handler of type [class org.springframework.web.servlet.resource.ResourceHttpRequestHandler]  
[2018-12-14 16:29:52,369] [INFO ] - [restartedMain] [] [org.springframework.web.servlet.mvc.method.annotation.RequestMappingHandlerAdapter] [] - Looking for @ControllerAdvice: org.springframework.boot.web.servlet.context.AnnotationConfigServletWebServerApplicationContext@1066c71e: startup date [Fri Dec 14 16:29:46 CST 2018]; root of context hierarchy  
[2018-12-14 16:29:52,418] [INFO ] - [restartedMain] [] [org.springframework.web.servlet.handler.SimpleUrlHandlerMapping] [] - Mapped URL path [/webjars/**] onto handler of type [class org.springframework.web.servlet.resource.ResourceHttpRequestHandler]  
[2018-12-14 16:29:52,418] [INFO ] - [restartedMain] [] [org.springframework.web.servlet.handler.SimpleUrlHandlerMapping] [] - Mapped URL path [/**] onto handler of type [class org.springframework.web.servlet.resource.ResourceHttpRequestHandler]  
[2018-12-14 16:29:52,887] [INFO ] - [restartedMain] [] [io.lettuce.core.EpollProvider] [] - Starting without optional epoll library  
[2018-12-14 16:29:52,889] [INFO ] - [restartedMain] [] [io.lettuce.core.KqueueProvider] [] - Starting without optional kqueue library  
[2018-12-14 16:29:53,111] [INFO ] - [restartedMain] [] [org.springframework.boot.devtools.autoconfigure.OptionalLiveReloadServer] [] - LiveReload server is running on port 35729  
[2018-12-14 16:29:53,145] [INFO ] - [restartedMain] [] [org.springframework.jmx.export.annotation.AnnotationMBeanExporter] [] - Registering beans for JMX exposure on startup  
[2018-12-14 16:29:53,147] [INFO ] - [restartedMain] [] [org.springframework.jmx.export.annotation.AnnotationMBeanExporter] [] - Bean with name 'dataSource' has been autodetected for JMX exposure  
[2018-12-14 16:29:53,155] [INFO ] - [restartedMain] [] [org.springframework.jmx.export.annotation.AnnotationMBeanExporter] [] - Located MBean 'dataSource': registering with JMX server as MBean [com.alibaba.druid.pool:name=dataSource,type=DruidDataSource]  
[2018-12-14 16:29:53,158] [INFO ] - [restartedMain] [] [org.springframework.context.support.DefaultLifecycleProcessor] [] - Starting beans in phase 2147483647  
[2018-12-14 16:29:53,158] [INFO ] - [restartedMain] [] [springfox.documentation.spring.web.plugins.DocumentationPluginsBootstrapper] [] - Context refreshed  
[2018-12-14 16:29:53,173] [INFO ] - [restartedMain] [] [springfox.documentation.spring.web.plugins.DocumentationPluginsBootstrapper] [] - Found 1 custom documentation plugin(s)  
[2018-12-14 16:29:53,208] [INFO ] - [restartedMain] [] [springfox.documentation.spring.web.scanners.ApiListingReferenceScanner] [] - Scanning for api listing references  
[2018-12-14 16:29:53,435] [INFO ] - [restartedMain] [] [org.springframework.scheduling.annotation.ScheduledAnnotationBeanPostProcessor] [] - No TaskScheduler/ScheduledExecutorService bean found for scheduled processing  
[2018-12-14 16:29:53,503] [INFO ] - [restartedMain] [] [org.springframework.boot.web.embedded.tomcat.TomcatWebServer] [] - Tomcat started on port(s): 80 (http) with context path ''  
[2018-12-14 16:29:53,508] [INFO ] - [restartedMain] [] [com.qsqx.Application] [] - Started Application in 7.559 seconds (JVM running for 8.206)  
[2018-12-14 16:31:27,034] [INFO ] - [http-nio-80-exec-1] [] [org.apache.catalina.core.ContainerBase.[Tomcat].[localhost].[/]] [] - Initializing Spring FrameworkServlet 'dispatcherServlet'  
[2018-12-14 16:31:27,034] [INFO ] - [http-nio-80-exec-1] [] [org.springframework.web.servlet.DispatcherServlet] [] - FrameworkServlet 'dispatcherServlet': initialization started  
[2018-12-14 16:31:27,054] [INFO ] - [http-nio-80-exec-1] [] [org.springframework.web.servlet.DispatcherServlet] [] - FrameworkServlet 'dispatcherServlet': initialization completed in 20 ms  
[2018-12-14 16:32:03,148] [INFO ] - [restartedMain] [] [com.qsqx.Application] [] - Starting Application on PC-20181207YGGN with PID 4836 (E:\workspace\ide\bill-backend-parent\bill-backend-web\target\classes started by Administrator in E:\workspace\ide\bill-backend-parent)  
[2018-12-14 16:32:03,152] [INFO ] - [restartedMain] [] [com.qsqx.Application] [] - The following profiles are active: dev  
[2018-12-14 16:32:03,262] [INFO ] - [restartedMain] [] [org.springframework.boot.web.servlet.context.AnnotationConfigServletWebServerApplicationContext] [] - Refreshing org.springframework.boot.web.servlet.context.AnnotationConfigServletWebServerApplicationContext@2b4c3c7c: startup date [Fri Dec 14 16:32:03 CST 2018]; root of context hierarchy  
[2018-12-14 16:32:05,339] [INFO ] - [restartedMain] [] [org.springframework.data.repository.config.RepositoryConfigurationDelegate] [] - Multiple Spring Data modules found, entering strict repository configuration mode!  
[2018-12-14 16:32:05,373] [INFO ] - [restartedMain] [] [org.springframework.data.repository.config.RepositoryConfigurationDelegate] [] - Multiple Spring Data modules found, entering strict repository configuration mode!  
[2018-12-14 16:32:06,031] [INFO ] - [restartedMain] [] [org.springframework.context.support.PostProcessorRegistrationDelegate$BeanPostProcessorChecker] [] - Bean 'org.springframework.transaction.annotation.ProxyTransactionManagementConfiguration' of type [org.springframework.transaction.annotation.ProxyTransactionManagementConfiguration$$EnhancerBySpringCGLIB$$655428bd] is not eligible for getting processed by all BeanPostProcessors (for example: not eligible for auto-proxying)  
[2018-12-14 16:32:06,521] [INFO ] - [restartedMain] [] [org.springframework.boot.web.embedded.tomcat.TomcatWebServer] [] - Tomcat initialized with port(s): 80 (http)  
[2018-12-14 16:32:06,549] [INFO ] - [restartedMain] [] [org.apache.catalina.core.StandardService] [] - Starting service [Tomcat]  
[2018-12-14 16:32:06,549] [INFO ] - [restartedMain] [] [org.apache.catalina.core.StandardEngine] [] - Starting Servlet Engine: Apache Tomcat/8.5.29  
[2018-12-14 16:32:06,553] [INFO ] - [localhost-startStop-1] [] [org.apache.catalina.core.AprLifecycleListener] [] - The APR based Apache Tomcat Native library which allows optimal performance in production environments was not found on the java.library.path: [D:\develop\java\jdk1.8.0_191\bin;C:\Windows\Sun\Java\bin;C:\Windows\system32;C:\Windows;D:\apache-maven-3.6.0\bin;D:\mysql\MySQL Server 5.5\bin;D:\develop\java\jdk1.8.0_191\bin;C:\Program Files (x86)\Common Files\Oracle\Java\javapath;C:\Windows\system32;C:\Windows;C:\Windows\System32\Wbem;C:\Windows\System32\WindowsPowerShell\v1.0\;C:\Program Files\nodejs\;D:\GIT\Git\cmd;D:\MySQL\MySQL Server 5.5\bin;;C:\Users\Administrator\AppData\Local\Programs\Microsoft VS Code\bin;C:\Users\Administrator\AppData\Roaming\npm;.]  
[2018-12-14 16:32:06,737] [INFO ] - [localhost-startStop-1] [] [org.apache.catalina.core.ContainerBase.[Tomcat].[localhost].[/]] [] - Initializing Spring embedded WebApplicationContext  
[2018-12-14 16:32:06,737] [INFO ] - [localhost-startStop-1] [] [org.springframework.web.context.ContextLoader] [] - Root WebApplicationContext: initialization completed in 3475 ms  
[2018-12-14 16:32:07,204] [INFO ] - [localhost-startStop-1] [] [org.springframework.boot.web.servlet.FilterRegistrationBean] [] - Mapping filter: 'characterEncodingFilter' to: [/*]  
[2018-12-14 16:32:07,204] [INFO ] - [localhost-startStop-1] [] [org.springframework.boot.web.servlet.FilterRegistrationBean] [] - Mapping filter: 'sessionRepositoryFilter' to: [/*]  
[2018-12-14 16:32:07,205] [INFO ] - [localhost-startStop-1] [] [org.springframework.boot.web.servlet.FilterRegistrationBean] [] - Mapping filter: 'hiddenHttpMethodFilter' to: [/*]  
[2018-12-14 16:32:07,205] [INFO ] - [localhost-startStop-1] [] [org.springframework.boot.web.servlet.FilterRegistrationBean] [] - Mapping filter: 'httpPutFormContentFilter' to: [/*]  
[2018-12-14 16:32:07,205] [INFO ] - [localhost-startStop-1] [] [org.springframework.boot.web.servlet.FilterRegistrationBean] [] - Mapping filter: 'requestContextFilter' to: [/*]  
[2018-12-14 16:32:07,205] [INFO ] - [localhost-startStop-1] [] [org.springframework.boot.web.servlet.ServletRegistrationBean] [] - Servlet dispatcherServlet mapped to [/]  
[2018-12-14 16:32:07,676] [INFO ] - [restartedMain] [] [org.springframework.orm.jpa.LocalContainerEntityManagerFactoryBean] [] - Building JPA container EntityManagerFactory for persistence unit 'default'  
[2018-12-14 16:32:07,687] [INFO ] - [restartedMain] [] [org.hibernate.jpa.internal.util.LogHelper] [] - HHH000204: Processing PersistenceUnitInfo [
	name: default
	...]  
[2018-12-14 16:32:07,765] [INFO ] - [restartedMain] [] [org.hibernate.Version] [] - HHH000412: Hibernate Core {5.2.16.Final}  
[2018-12-14 16:32:07,768] [INFO ] - [restartedMain] [] [org.hibernate.cfg.Environment] [] - HHH000206: hibernate.properties not found  
[2018-12-14 16:32:07,815] [INFO ] - [restartedMain] [] [org.hibernate.annotations.common.Version] [] - HCANN000001: Hibernate Commons Annotations {5.0.1.Final}  
[2018-12-14 16:32:07,940] [INFO ] - [restartedMain] [] [org.hibernate.dialect.Dialect] [] - HHH000400: Using dialect: org.hibernate.dialect.MySQL5Dialect  
[2018-12-14 16:32:08,152] [INFO ] - [restartedMain] [] [org.springframework.orm.jpa.LocalContainerEntityManagerFactoryBean] [] - Initialized JPA EntityManagerFactory for persistence unit 'default'  
[2018-12-14 16:32:10,278] [INFO ] - [restartedMain] [] [org.springframework.web.servlet.mvc.method.annotation.RequestMappingHandlerMapping] [] - Mapped "{[/test],methods=[POST]}" onto public void com.qsqx.controller.test.test(javax.servlet.http.HttpServletRequest,javax.servlet.http.HttpServletResponse)  
[2018-12-14 16:32:10,285] [INFO ] - [restartedMain] [] [org.springframework.web.servlet.mvc.method.annotation.RequestMappingHandlerMapping] [] - Mapped "{[/swagger-resources/configuration/ui]}" onto public org.springframework.http.ResponseEntity<springfox.documentation.swagger.web.UiConfiguration> springfox.documentation.swagger.web.ApiResourceController.uiConfiguration()  
[2018-12-14 16:32:10,286] [INFO ] - [restartedMain] [] [org.springframework.web.servlet.mvc.method.annotation.RequestMappingHandlerMapping] [] - Mapped "{[/swagger-resources]}" onto public org.springframework.http.ResponseEntity<java.util.List<springfox.documentation.swagger.web.SwaggerResource>> springfox.documentation.swagger.web.ApiResourceController.swaggerResources()  
[2018-12-14 16:32:10,286] [INFO ] - [restartedMain] [] [org.springframework.web.servlet.mvc.method.annotation.RequestMappingHandlerMapping] [] - Mapped "{[/swagger-resources/configuration/security]}" onto public org.springframework.http.ResponseEntity<springfox.documentation.swagger.web.SecurityConfiguration> springfox.documentation.swagger.web.ApiResourceController.securityConfiguration()  
[2018-12-14 16:32:10,291] [INFO ] - [restartedMain] [] [org.springframework.web.servlet.mvc.method.annotation.RequestMappingHandlerMapping] [] - Mapped "{[/error]}" onto public org.springframework.http.ResponseEntity<java.util.Map<java.lang.String, java.lang.Object>> org.springframework.boot.autoconfigure.web.servlet.error.BasicErrorController.error(javax.servlet.http.HttpServletRequest)  
[2018-12-14 16:32:10,292] [INFO ] - [restartedMain] [] [org.springframework.web.servlet.mvc.method.annotation.RequestMappingHandlerMapping] [] - Mapped "{[/error],produces=[text/html]}" onto public org.springframework.web.servlet.ModelAndView org.springframework.boot.autoconfigure.web.servlet.error.BasicErrorController.errorHtml(javax.servlet.http.HttpServletRequest,javax.servlet.http.HttpServletResponse)  
[2018-12-14 16:32:10,553] [INFO ] - [restartedMain] [] [springfox.documentation.spring.web.PropertySourcedRequestMappingHandlerMapping] [] - Mapped URL path [/v2/api-docs] onto method [public org.springframework.http.ResponseEntity<springfox.documentation.spring.web.json.Json> springfox.documentation.swagger2.web.Swagger2Controller.getDocumentation(java.lang.String,javax.servlet.http.HttpServletRequest)]  
[2018-12-14 16:32:10,685] [INFO ] - [restartedMain] [] [org.springframework.web.servlet.handler.SimpleUrlHandlerMapping] [] - Mapped URL path [/**/favicon.ico] onto handler of type [class org.springframework.web.servlet.resource.ResourceHttpRequestHandler]  
[2018-12-14 16:32:10,963] [INFO ] - [restartedMain] [] [org.springframework.web.servlet.mvc.method.annotation.RequestMappingHandlerAdapter] [] - Looking for @ControllerAdvice: org.springframework.boot.web.servlet.context.AnnotationConfigServletWebServerApplicationContext@2b4c3c7c: startup date [Fri Dec 14 16:32:03 CST 2018]; root of context hierarchy  
[2018-12-14 16:32:11,064] [INFO ] - [restartedMain] [] [org.springframework.web.servlet.handler.SimpleUrlHandlerMapping] [] - Mapped URL path [/webjars/**] onto handler of type [class org.springframework.web.servlet.resource.ResourceHttpRequestHandler]  
[2018-12-14 16:32:11,064] [INFO ] - [restartedMain] [] [org.springframework.web.servlet.handler.SimpleUrlHandlerMapping] [] - Mapped URL path [/**] onto handler of type [class org.springframework.web.servlet.resource.ResourceHttpRequestHandler]  
[2018-12-14 16:32:11,884] [INFO ] - [restartedMain] [] [io.lettuce.core.EpollProvider] [] - Starting without optional epoll library  
[2018-12-14 16:32:11,887] [INFO ] - [restartedMain] [] [io.lettuce.core.KqueueProvider] [] - Starting without optional kqueue library  
[2018-12-14 16:32:12,331] [INFO ] - [restartedMain] [] [org.springframework.boot.devtools.autoconfigure.OptionalLiveReloadServer] [] - LiveReload server is running on port 35729  
[2018-12-14 16:32:12,373] [INFO ] - [restartedMain] [] [org.springframework.jmx.export.annotation.AnnotationMBeanExporter] [] - Registering beans for JMX exposure on startup  
[2018-12-14 16:32:12,376] [INFO ] - [restartedMain] [] [org.springframework.jmx.export.annotation.AnnotationMBeanExporter] [] - Bean with name 'dataSource' has been autodetected for JMX exposure  
[2018-12-14 16:32:12,386] [INFO ] - [restartedMain] [] [org.springframework.jmx.export.annotation.AnnotationMBeanExporter] [] - Located MBean 'dataSource': registering with JMX server as MBean [com.alibaba.druid.pool:name=dataSource,type=DruidDataSource]  
[2018-12-14 16:32:12,394] [INFO ] - [restartedMain] [] [org.springframework.context.support.DefaultLifecycleProcessor] [] - Starting beans in phase 2147483647  
[2018-12-14 16:32:12,394] [INFO ] - [restartedMain] [] [springfox.documentation.spring.web.plugins.DocumentationPluginsBootstrapper] [] - Context refreshed  
[2018-12-14 16:32:12,435] [INFO ] - [restartedMain] [] [springfox.documentation.spring.web.plugins.DocumentationPluginsBootstrapper] [] - Found 1 custom documentation plugin(s)  
[2018-12-14 16:32:12,524] [INFO ] - [restartedMain] [] [springfox.documentation.spring.web.scanners.ApiListingReferenceScanner] [] - Scanning for api listing references  
[2018-12-14 16:32:13,155] [INFO ] - [restartedMain] [] [org.springframework.scheduling.annotation.ScheduledAnnotationBeanPostProcessor] [] - No TaskScheduler/ScheduledExecutorService bean found for scheduled processing  
[2018-12-14 16:32:13,235] [INFO ] - [restartedMain] [] [org.springframework.boot.web.embedded.tomcat.TomcatWebServer] [] - Tomcat started on port(s): 80 (http) with context path ''  
[2018-12-14 16:32:13,245] [INFO ] - [restartedMain] [] [com.qsqx.Application] [] - Started Application in 11.063 seconds (JVM running for 12.197)  
[2018-12-14 16:32:23,082] [INFO ] - [http-nio-80-exec-2] [] [org.apache.catalina.core.ContainerBase.[Tomcat].[localhost].[/]] [] - Initializing Spring FrameworkServlet 'dispatcherServlet'  
[2018-12-14 16:32:23,082] [INFO ] - [http-nio-80-exec-2] [] [org.springframework.web.servlet.DispatcherServlet] [] - FrameworkServlet 'dispatcherServlet': initialization started  
[2018-12-14 16:32:23,114] [INFO ] - [http-nio-80-exec-2] [] [org.springframework.web.servlet.DispatcherServlet] [] - FrameworkServlet 'dispatcherServlet': initialization completed in 32 ms  
[2018-12-14 16:39:32,669] [INFO ] - [restartedMain] [] [com.qsqx.Application] [] - Starting Application on PC-20181207YGGN with PID 11020 (E:\workspace\ide\bill-backend-parent\bill-backend-web\target\classes started by Administrator in E:\workspace\ide\bill-backend-parent)  
[2018-12-14 16:39:32,671] [INFO ] - [restartedMain] [] [com.qsqx.Application] [] - The following profiles are active: dev  
[2018-12-14 16:39:32,837] [INFO ] - [restartedMain] [] [org.springframework.boot.web.servlet.context.AnnotationConfigServletWebServerApplicationContext] [] - Refreshing org.springframework.boot.web.servlet.context.AnnotationConfigServletWebServerApplicationContext@72ddd564: startup date [Fri Dec 14 16:39:32 CST 2018]; root of context hierarchy  
[2018-12-14 16:39:34,376] [INFO ] - [restartedMain] [] [org.springframework.data.repository.config.RepositoryConfigurationDelegate] [] - Multiple Spring Data modules found, entering strict repository configuration mode!  
[2018-12-14 16:39:34,408] [INFO ] - [restartedMain] [] [org.springframework.data.repository.config.RepositoryConfigurationDelegate] [] - Multiple Spring Data modules found, entering strict repository configuration mode!  
[2018-12-14 16:39:34,914] [INFO ] - [restartedMain] [] [org.springframework.context.support.PostProcessorRegistrationDelegate$BeanPostProcessorChecker] [] - Bean 'org.springframework.transaction.annotation.ProxyTransactionManagementConfiguration' of type [org.springframework.transaction.annotation.ProxyTransactionManagementConfiguration$$EnhancerBySpringCGLIB$$20d286bf] is not eligible for getting processed by all BeanPostProcessors (for example: not eligible for auto-proxying)  
[2018-12-14 16:39:35,310] [INFO ] - [restartedMain] [] [org.springframework.boot.web.embedded.tomcat.TomcatWebServer] [] - Tomcat initialized with port(s): 80 (http)  
[2018-12-14 16:39:35,332] [INFO ] - [restartedMain] [] [org.apache.catalina.core.StandardService] [] - Starting service [Tomcat]  
[2018-12-14 16:39:35,332] [INFO ] - [restartedMain] [] [org.apache.catalina.core.StandardEngine] [] - Starting Servlet Engine: Apache Tomcat/8.5.29  
[2018-12-14 16:39:35,336] [INFO ] - [localhost-startStop-1] [] [org.apache.catalina.core.AprLifecycleListener] [] - The APR based Apache Tomcat Native library which allows optimal performance in production environments was not found on the java.library.path: [D:\develop\java\jdk1.8.0_191\bin;C:\Windows\Sun\Java\bin;C:\Windows\system32;C:\Windows;D:\apache-maven-3.6.0\bin;D:\mysql\MySQL Server 5.5\bin;D:\develop\java\jdk1.8.0_191\bin;C:\Program Files (x86)\Common Files\Oracle\Java\javapath;C:\Windows\system32;C:\Windows;C:\Windows\System32\Wbem;C:\Windows\System32\WindowsPowerShell\v1.0\;C:\Program Files\nodejs\;D:\GIT\Git\cmd;D:\MySQL\MySQL Server 5.5\bin;;C:\Users\Administrator\AppData\Local\Programs\Microsoft VS Code\bin;C:\Users\Administrator\AppData\Roaming\npm;.]  
[2018-12-14 16:39:35,435] [INFO ] - [localhost-startStop-1] [] [org.apache.catalina.core.ContainerBase.[Tomcat].[localhost].[/]] [] - Initializing Spring embedded WebApplicationContext  
[2018-12-14 16:39:35,436] [INFO ] - [localhost-startStop-1] [] [org.springframework.web.context.ContextLoader] [] - Root WebApplicationContext: initialization completed in 2599 ms  
[2018-12-14 16:39:35,865] [INFO ] - [localhost-startStop-1] [] [org.springframework.boot.web.servlet.FilterRegistrationBean] [] - Mapping filter: 'characterEncodingFilter' to: [/*]  
[2018-12-14 16:39:35,866] [INFO ] - [localhost-startStop-1] [] [org.springframework.boot.web.servlet.FilterRegistrationBean] [] - Mapping filter: 'sessionRepositoryFilter' to: [/*]  
[2018-12-14 16:39:35,866] [INFO ] - [localhost-startStop-1] [] [org.springframework.boot.web.servlet.FilterRegistrationBean] [] - Mapping filter: 'hiddenHttpMethodFilter' to: [/*]  
[2018-12-14 16:39:35,866] [INFO ] - [localhost-startStop-1] [] [org.springframework.boot.web.servlet.FilterRegistrationBean] [] - Mapping filter: 'httpPutFormContentFilter' to: [/*]  
[2018-12-14 16:39:35,866] [INFO ] - [localhost-startStop-1] [] [org.springframework.boot.web.servlet.FilterRegistrationBean] [] - Mapping filter: 'requestContextFilter' to: [/*]  
[2018-12-14 16:39:35,866] [INFO ] - [localhost-startStop-1] [] [org.springframework.boot.web.servlet.ServletRegistrationBean] [] - Servlet dispatcherServlet mapped to [/]  
[2018-12-14 16:39:36,253] [INFO ] - [restartedMain] [] [org.springframework.orm.jpa.LocalContainerEntityManagerFactoryBean] [] - Building JPA container EntityManagerFactory for persistence unit 'default'  
[2018-12-14 16:39:36,264] [INFO ] - [restartedMain] [] [org.hibernate.jpa.internal.util.LogHelper] [] - HHH000204: Processing PersistenceUnitInfo [
	name: default
	...]  
[2018-12-14 16:39:36,321] [INFO ] - [restartedMain] [] [org.hibernate.Version] [] - HHH000412: Hibernate Core {5.2.16.Final}  
[2018-12-14 16:39:36,323] [INFO ] - [restartedMain] [] [org.hibernate.cfg.Environment] [] - HHH000206: hibernate.properties not found  
[2018-12-14 16:39:36,363] [INFO ] - [restartedMain] [] [org.hibernate.annotations.common.Version] [] - HCANN000001: Hibernate Commons Annotations {5.0.1.Final}  
[2018-12-14 16:39:36,460] [INFO ] - [restartedMain] [] [org.hibernate.dialect.Dialect] [] - HHH000400: Using dialect: org.hibernate.dialect.MySQL5Dialect  
[2018-12-14 16:39:36,634] [INFO ] - [restartedMain] [] [org.springframework.orm.jpa.LocalContainerEntityManagerFactoryBean] [] - Initialized JPA EntityManagerFactory for persistence unit 'default'  
[2018-12-14 16:39:37,246] [INFO ] - [restartedMain] [] [org.springframework.web.servlet.mvc.method.annotation.RequestMappingHandlerMapping] [] - Mapped "{[/test],methods=[POST]}" onto public void com.qsqx.controller.test.test(javax.servlet.http.HttpServletRequest,javax.servlet.http.HttpServletResponse)  
[2018-12-14 16:39:37,249] [INFO ] - [restartedMain] [] [org.springframework.web.servlet.mvc.method.annotation.RequestMappingHandlerMapping] [] - Mapped "{[/swagger-resources/configuration/ui]}" onto public org.springframework.http.ResponseEntity<springfox.documentation.swagger.web.UiConfiguration> springfox.documentation.swagger.web.ApiResourceController.uiConfiguration()  
[2018-12-14 16:39:37,250] [INFO ] - [restartedMain] [] [org.springframework.web.servlet.mvc.method.annotation.RequestMappingHandlerMapping] [] - Mapped "{[/swagger-resources]}" onto public org.springframework.http.ResponseEntity<java.util.List<springfox.documentation.swagger.web.SwaggerResource>> springfox.documentation.swagger.web.ApiResourceController.swaggerResources()  
[2018-12-14 16:39:37,251] [INFO ] - [restartedMain] [] [org.springframework.web.servlet.mvc.method.annotation.RequestMappingHandlerMapping] [] - Mapped "{[/swagger-resources/configuration/security]}" onto public org.springframework.http.ResponseEntity<springfox.documentation.swagger.web.SecurityConfiguration> springfox.documentation.swagger.web.ApiResourceController.securityConfiguration()  
[2018-12-14 16:39:37,253] [INFO ] - [restartedMain] [] [org.springframework.web.servlet.mvc.method.annotation.RequestMappingHandlerMapping] [] - Mapped "{[/error]}" onto public org.springframework.http.ResponseEntity<java.util.Map<java.lang.String, java.lang.Object>> org.springframework.boot.autoconfigure.web.servlet.error.BasicErrorController.error(javax.servlet.http.HttpServletRequest)  
[2018-12-14 16:39:37,253] [INFO ] - [restartedMain] [] [org.springframework.web.servlet.mvc.method.annotation.RequestMappingHandlerMapping] [] - Mapped "{[/error],produces=[text/html]}" onto public org.springframework.web.servlet.ModelAndView org.springframework.boot.autoconfigure.web.servlet.error.BasicErrorController.errorHtml(javax.servlet.http.HttpServletRequest,javax.servlet.http.HttpServletResponse)  
[2018-12-14 16:39:37,404] [INFO ] - [restartedMain] [] [springfox.documentation.spring.web.PropertySourcedRequestMappingHandlerMapping] [] - Mapped URL path [/v2/api-docs] onto method [public org.springframework.http.ResponseEntity<springfox.documentation.spring.web.json.Json> springfox.documentation.swagger2.web.Swagger2Controller.getDocumentation(java.lang.String,javax.servlet.http.HttpServletRequest)]  
[2018-12-14 16:39:37,494] [INFO ] - [restartedMain] [] [org.springframework.web.servlet.handler.SimpleUrlHandlerMapping] [] - Mapped URL path [/**/favicon.ico] onto handler of type [class org.springframework.web.servlet.resource.ResourceHttpRequestHandler]  
[2018-12-14 16:39:37,679] [INFO ] - [restartedMain] [] [org.springframework.web.servlet.mvc.method.annotation.RequestMappingHandlerAdapter] [] - Looking for @ControllerAdvice: org.springframework.boot.web.servlet.context.AnnotationConfigServletWebServerApplicationContext@72ddd564: startup date [Fri Dec 14 16:39:32 CST 2018]; root of context hierarchy  
[2018-12-14 16:39:37,732] [INFO ] - [restartedMain] [] [org.springframework.web.servlet.handler.SimpleUrlHandlerMapping] [] - Mapped URL path [/webjars/**] onto handler of type [class org.springframework.web.servlet.resource.ResourceHttpRequestHandler]  
[2018-12-14 16:39:37,732] [INFO ] - [restartedMain] [] [org.springframework.web.servlet.handler.SimpleUrlHandlerMapping] [] - Mapped URL path [/**] onto handler of type [class org.springframework.web.servlet.resource.ResourceHttpRequestHandler]  
[2018-12-14 16:39:38,228] [INFO ] - [restartedMain] [] [io.lettuce.core.EpollProvider] [] - Starting without optional epoll library  
[2018-12-14 16:39:38,230] [INFO ] - [restartedMain] [] [io.lettuce.core.KqueueProvider] [] - Starting without optional kqueue library  
[2018-12-14 16:39:38,448] [INFO ] - [restartedMain] [] [org.springframework.boot.devtools.autoconfigure.OptionalLiveReloadServer] [] - LiveReload server is running on port 35729  
[2018-12-14 16:39:38,484] [INFO ] - [restartedMain] [] [org.springframework.jmx.export.annotation.AnnotationMBeanExporter] [] - Registering beans for JMX exposure on startup  
[2018-12-14 16:39:38,485] [INFO ] - [restartedMain] [] [org.springframework.jmx.export.annotation.AnnotationMBeanExporter] [] - Bean with name 'dataSource' has been autodetected for JMX exposure  
[2018-12-14 16:39:38,491] [INFO ] - [restartedMain] [] [org.springframework.jmx.export.annotation.AnnotationMBeanExporter] [] - Located MBean 'dataSource': registering with JMX server as MBean [com.alibaba.druid.pool:name=dataSource,type=DruidDataSource]  
[2018-12-14 16:39:38,496] [INFO ] - [restartedMain] [] [org.springframework.context.support.DefaultLifecycleProcessor] [] - Starting beans in phase 2147483647  
[2018-12-14 16:39:38,496] [INFO ] - [restartedMain] [] [springfox.documentation.spring.web.plugins.DocumentationPluginsBootstrapper] [] - Context refreshed  
[2018-12-14 16:39:38,513] [INFO ] - [restartedMain] [] [springfox.documentation.spring.web.plugins.DocumentationPluginsBootstrapper] [] - Found 1 custom documentation plugin(s)  
[2018-12-14 16:39:38,550] [INFO ] - [restartedMain] [] [springfox.documentation.spring.web.scanners.ApiListingReferenceScanner] [] - Scanning for api listing references  
[2018-12-14 16:39:38,776] [INFO ] - [restartedMain] [] [org.springframework.scheduling.annotation.ScheduledAnnotationBeanPostProcessor] [] - No TaskScheduler/ScheduledExecutorService bean found for scheduled processing  
[2018-12-14 16:39:38,823] [INFO ] - [restartedMain] [] [org.springframework.boot.web.embedded.tomcat.TomcatWebServer] [] - Tomcat started on port(s): 80 (http) with context path ''  
[2018-12-14 16:39:38,829] [INFO ] - [restartedMain] [] [com.qsqx.Application] [] - Started Application in 7.101 seconds (JVM running for 7.837)  
[2018-12-14 16:39:45,815] [INFO ] - [http-nio-80-exec-2] [] [org.apache.catalina.core.ContainerBase.[Tomcat].[localhost].[/]] [] - Initializing Spring FrameworkServlet 'dispatcherServlet'  
[2018-12-14 16:39:45,815] [INFO ] - [http-nio-80-exec-2] [] [org.springframework.web.servlet.DispatcherServlet] [] - FrameworkServlet 'dispatcherServlet': initialization started  
[2018-12-14 16:39:45,836] [INFO ] - [http-nio-80-exec-2] [] [org.springframework.web.servlet.DispatcherServlet] [] - FrameworkServlet 'dispatcherServlet': initialization completed in 21 ms  
