[2018-12-14 13:48:10,627] [DEBUG] - [restartedMain] [] [com.qsqx.Application] [] - Running with Spring Boot v2.0.1.RELEASE, Spring v5.0.5.RELEASE  
[2018-12-14 13:48:12,660] [DEBUG] - [restartedMain] [] [org.mybatis.spring.mapper.ClassPathMapperScanner] [] - Identified candidate component class: file [E:\workspace\ide\bill-backend-parent\bill-backend-dao\target\classes\com\qsqx\mapper\UserMapper.class]  
[2018-12-14 13:48:12,660] [DEBUG] - [restartedMain] [] [org.mybatis.spring.mapper.ClassPathMapperScanner] [] - Creating MapperFactoryBean with name 'userMapper' and 'com.qsqx.mapper.UserMapper' mapperInterface  
[2018-12-14 13:48:12,660] [DEBUG] - [restartedMain] [] [org.mybatis.spring.mapper.ClassPathMapperScanner] [] - Enabling autowire by type for MapperFactoryBean with name 'userMapper'.  
[2018-12-14 16:00:45,842] [DEBUG] - [restartedMain] [] [com.qsqx.Application] [] - Running with Spring Boot v2.0.1.RELEASE, Spring v5.0.5.RELEASE  
[2018-12-14 16:00:47,561] [DEBUG] - [restartedMain] [] [org.mybatis.spring.mapper.ClassPathMapperScanner] [] - Identified candidate component class: file [E:\workspace\ide\bill-backend-parent\bill-backend-dao\target\classes\com\qsqx\mapper\UserMapper.class]  
[2018-12-14 16:00:47,561] [DEBUG] - [restartedMain] [] [org.mybatis.spring.mapper.ClassPathMapperScanner] [] - Creating MapperFactoryBean with name 'userMapper' and 'com.qsqx.mapper.UserMapper' mapperInterface  
[2018-12-14 16:00:47,561] [DEBUG] - [restartedMain] [] [org.mybatis.spring.mapper.ClassPathMapperScanner] [] - Enabling autowire by type for MapperFactoryBean with name 'userMapper'.  
[2018-12-14 16:00:50,223] [DEBUG] - [restartedMain] [] [org.mybatis.spring.SqlSessionFactoryBean] [] - Scanned package: 'com.xdd.entity' for aliases  
[2018-12-14 16:00:50,291] [DEBUG] - [restartedMain] [] [org.mybatis.spring.SqlSessionFactoryBean] [] - Parsed mapper file: 'file [E:\workspace\ide\bill-backend-parent\bill-backend-dao\target\classes\mappers\UserMapper.xml]'  
[2018-12-14 16:01:07,120] [DEBUG] - [http-nio-80-exec-2] [] [org.mybatis.spring.SqlSessionUtils] [] - Creating a new SqlSession  
[2018-12-14 16:01:07,128] [DEBUG] - [http-nio-80-exec-2] [] [org.mybatis.spring.SqlSessionUtils] [] - SqlSession [org.apache.ibatis.session.defaults.DefaultSqlSession@2072ec9c] was not registered for synchronization because synchronization is not active  
[2018-12-14 16:01:07,136] [DEBUG] - [http-nio-80-exec-2] [] [org.mybatis.spring.transaction.SpringManagedTransaction] [] - JDBC Connection [com.mysql.jdbc.JDBC4Connection@38b6a890] will not be managed by Spring  
[2018-12-14 16:01:07,139] [DEBUG] - [http-nio-80-exec-2] [] [com.qsqx.mapper.UserMapper.select] [] - ==>  Preparing: select * from t_user;   
[2018-12-14 16:01:07,186] [DEBUG] - [http-nio-80-exec-2] [] [com.qsqx.mapper.UserMapper.select] [] - ==> Parameters:   
[2018-12-14 16:01:07,201] [DEBUG] - [http-nio-80-exec-2] [] [com.qsqx.mapper.UserMapper.select] [] - <==      Total: 5  
[2018-12-14 16:01:07,202] [DEBUG] - [http-nio-80-exec-2] [] [org.mybatis.spring.SqlSessionUtils] [] - Closing non transactional SqlSession [org.apache.ibatis.session.defaults.DefaultSqlSession@2072ec9c]  
[2018-12-14 16:29:46,687] [DEBUG] - [restartedMain] [] [com.qsqx.Application] [] - Running with Spring Boot v2.0.1.RELEASE, Spring v5.0.5.RELEASE  
[2018-12-14 16:29:48,721] [DEBUG] - [restartedMain] [] [org.mybatis.spring.mapper.ClassPathMapperScanner] [] - Identified candidate component class: file [E:\workspace\ide\bill-backend-parent\bill-backend-dao\target\classes\com\qsqx\mapper\UserMapper.class]  
[2018-12-14 16:29:48,721] [DEBUG] - [restartedMain] [] [org.mybatis.spring.mapper.ClassPathMapperScanner] [] - Creating MapperFactoryBean with name 'userMapper' and 'com.qsqx.mapper.UserMapper' mapperInterface  
[2018-12-14 16:29:48,721] [DEBUG] - [restartedMain] [] [org.mybatis.spring.mapper.ClassPathMapperScanner] [] - Enabling autowire by type for MapperFactoryBean with name 'userMapper'.  
[2018-12-14 16:29:51,443] [DEBUG] - [restartedMain] [] [org.mybatis.spring.SqlSessionFactoryBean] [] - Scanned package: 'com.xdd.entity' for aliases  
[2018-12-14 16:29:51,515] [DEBUG] - [restartedMain] [] [org.mybatis.spring.SqlSessionFactoryBean] [] - Parsed mapper file: 'file [E:\workspace\ide\bill-backend-parent\bill-backend-dao\target\classes\mappers\UserMapper.xml]'  
[2018-12-14 16:31:27,150] [DEBUG] - [http-nio-80-exec-1] [] [org.mybatis.spring.SqlSessionUtils] [] - Creating a new SqlSession  
[2018-12-14 16:31:27,156] [DEBUG] - [http-nio-80-exec-1] [] [org.mybatis.spring.SqlSessionUtils] [] - SqlSession [org.apache.ibatis.session.defaults.DefaultSqlSession@16031d59] was not registered for synchronization because synchronization is not active  
[2018-12-14 16:31:27,167] [DEBUG] - [http-nio-80-exec-1] [] [org.mybatis.spring.transaction.SpringManagedTransaction] [] - JDBC Connection [com.mysql.jdbc.JDBC4Connection@20478444] will not be managed by Spring  
[2018-12-14 16:31:27,170] [DEBUG] - [http-nio-80-exec-1] [] [com.qsqx.mapper.UserMapper.select] [] - ==>  Preparing: select * from t_user;   
[2018-12-14 16:31:27,181] [DEBUG] - [http-nio-80-exec-1] [] [com.qsqx.mapper.UserMapper.select] [] - ==> Parameters:   
[2018-12-14 16:31:27,214] [DEBUG] - [http-nio-80-exec-1] [] [com.qsqx.mapper.UserMapper.select] [] - <==      Total: 5  
[2018-12-14 16:31:27,215] [DEBUG] - [http-nio-80-exec-1] [] [org.mybatis.spring.SqlSessionUtils] [] - Closing non transactional SqlSession [org.apache.ibatis.session.defaults.DefaultSqlSession@16031d59]  
[2018-12-14 16:32:03,150] [DEBUG] - [restartedMain] [] [com.qsqx.Application] [] - Running with Spring Boot v2.0.1.RELEASE, Spring v5.0.5.RELEASE  
[2018-12-14 16:32:05,098] [DEBUG] - [restartedMain] [] [org.mybatis.spring.mapper.ClassPathMapperScanner] [] - Identified candidate component class: file [E:\workspace\ide\bill-backend-parent\bill-backend-dao\target\classes\com\qsqx\mapper\UserMapper.class]  
[2018-12-14 16:32:05,098] [DEBUG] - [restartedMain] [] [org.mybatis.spring.mapper.ClassPathMapperScanner] [] - Creating MapperFactoryBean with name 'userMapper' and 'com.qsqx.mapper.UserMapper' mapperInterface  
[2018-12-14 16:32:05,098] [DEBUG] - [restartedMain] [] [org.mybatis.spring.mapper.ClassPathMapperScanner] [] - Enabling autowire by type for MapperFactoryBean with name 'userMapper'.  
[2018-12-14 16:32:09,300] [DEBUG] - [restartedMain] [] [org.mybatis.spring.SqlSessionFactoryBean] [] - Scanned package: 'com.xdd.entity' for aliases  
[2018-12-14 16:32:09,491] [DEBUG] - [restartedMain] [] [org.mybatis.spring.SqlSessionFactoryBean] [] - Parsed mapper file: 'file [E:\workspace\ide\bill-backend-parent\bill-backend-dao\target\classes\mappers\UserMapper.xml]'  
[2018-12-14 16:32:25,849] [DEBUG] - [http-nio-80-exec-2] [] [org.mybatis.spring.SqlSessionUtils] [] - Creating a new SqlSession  
[2018-12-14 16:32:25,939] [DEBUG] - [http-nio-80-exec-2] [] [org.mybatis.spring.SqlSessionUtils] [] - SqlSession [org.apache.ibatis.session.defaults.DefaultSqlSession@2119ed76] was not registered for synchronization because synchronization is not active  
[2018-12-14 16:32:25,992] [DEBUG] - [http-nio-80-exec-2] [] [org.mybatis.spring.transaction.SpringManagedTransaction] [] - JDBC Connection [com.mysql.jdbc.JDBC4Connection@7193a42c] will not be managed by Spring  
[2018-12-14 16:32:26,039] [DEBUG] - [http-nio-80-exec-2] [] [com.qsqx.mapper.UserMapper.select] [] - ==>  Preparing: select * from t_user;   
[2018-12-14 16:32:26,274] [DEBUG] - [http-nio-80-exec-2] [] [com.qsqx.mapper.UserMapper.select] [] - ==> Parameters:   
[2018-12-14 16:32:26,472] [DEBUG] - [http-nio-80-exec-2] [] [com.qsqx.mapper.UserMapper.select] [] - <==      Total: 5  
[2018-12-14 16:32:26,474] [DEBUG] - [http-nio-80-exec-2] [] [org.mybatis.spring.SqlSessionUtils] [] - Closing non transactional SqlSession [org.apache.ibatis.session.defaults.DefaultSqlSession@2119ed76]  
[2018-12-14 16:39:32,669] [DEBUG] - [restartedMain] [] [com.qsqx.Application] [] - Running with Spring Boot v2.0.1.RELEASE, Spring v5.0.5.RELEASE  
[2018-12-14 16:39:34,178] [DEBUG] - [restartedMain] [] [org.mybatis.spring.mapper.ClassPathMapperScanner] [] - Identified candidate component class: file [E:\workspace\ide\bill-backend-parent\bill-backend-dao\target\classes\com\qsqx\mapper\UserMapper.class]  
[2018-12-14 16:39:34,178] [DEBUG] - [restartedMain] [] [org.mybatis.spring.mapper.ClassPathMapperScanner] [] - Creating MapperFactoryBean with name 'userMapper' and 'com.qsqx.mapper.UserMapper' mapperInterface  
[2018-12-14 16:39:34,179] [DEBUG] - [restartedMain] [] [org.mybatis.spring.mapper.ClassPathMapperScanner] [] - Enabling autowire by type for MapperFactoryBean with name 'userMapper'.  
[2018-12-14 16:39:36,738] [DEBUG] - [restartedMain] [] [org.mybatis.spring.SqlSessionFactoryBean] [] - Scanned package: 'com.xdd.entity' for aliases  
[2018-12-14 16:39:36,806] [DEBUG] - [restartedMain] [] [org.mybatis.spring.SqlSessionFactoryBean] [] - Parsed mapper file: 'file [E:\workspace\ide\bill-backend-parent\bill-backend-dao\target\classes\mappers\UserMapper.xml]'  
[2018-12-14 16:39:45,937] [DEBUG] - [http-nio-80-exec-2] [] [org.mybatis.spring.SqlSessionUtils] [] - Creating a new SqlSession  
[2018-12-14 16:39:45,942] [DEBUG] - [http-nio-80-exec-2] [] [org.mybatis.spring.SqlSessionUtils] [] - SqlSession [org.apache.ibatis.session.defaults.DefaultSqlSession@66708871] was not registered for synchronization because synchronization is not active  
[2018-12-14 16:39:45,950] [DEBUG] - [http-nio-80-exec-2] [] [org.mybatis.spring.transaction.SpringManagedTransaction] [] - JDBC Connection [com.mysql.jdbc.JDBC4Connection@4bb60e0f] will not be managed by Spring  
[2018-12-14 16:39:45,952] [DEBUG] - [http-nio-80-exec-2] [] [com.qsqx.mapper.UserMapper.select] [] - ==>  Preparing: select * from t_user;   
[2018-12-14 16:39:45,965] [DEBUG] - [http-nio-80-exec-2] [] [com.qsqx.mapper.UserMapper.select] [] - ==> Parameters:   
[2018-12-14 16:39:45,982] [DEBUG] - [http-nio-80-exec-2] [] [com.qsqx.mapper.UserMapper.select] [] - <==      Total: 5  
[2018-12-14 16:39:45,983] [DEBUG] - [http-nio-80-exec-2] [] [org.mybatis.spring.SqlSessionUtils] [] - Closing non transactional SqlSession [org.apache.ibatis.session.defaults.DefaultSqlSession@66708871]  
