[2018-12-13 13:24:26,932] [DEBUG] - [main] [] [com.qsqx.Application] [] - Running with Spring Boot v2.0.1.RELEASE, Spring v5.0.5.RELEASE  
[2018-12-13 13:24:27,529] [DEBUG] - [main] [] [org.mybatis.spring.boot.autoconfigure.MybatisAutoConfiguration] [] - Searching for mappers annotated with @Mapper  
[2018-12-13 13:24:27,529] [DEBUG] - [main] [] [org.mybatis.spring.boot.autoconfigure.MybatisAutoConfiguration] [] - Using auto-configuration base package 'com.qsqx'  
[2018-12-13 13:24:29,207] [DEBUG] - [main] [] [org.mybatis.spring.boot.autoconfigure.MybatisAutoConfiguration] [] - No org.mybatis.spring.mapper.MapperFactoryBean found.  
[2018-12-13 13:24:29,259] [DEBUG] - [main] [] [org.mybatis.spring.SqlSessionFactoryBean] [] - Scanned package: 'com.xdd.entity' for aliases  
[2018-12-13 13:24:29,260] [DEBUG] - [main] [] [org.mybatis.spring.SqlSessionFactoryBean] [] - Property 'mapperLocations' was not specified or no matching resources found  
[2018-12-13 15:13:55,335] [DEBUG] - [main] [] [com.qsqx.Application] [] - Running with Spring Boot v2.0.1.RELEASE, Spring v5.0.5.RELEASE  
[2018-12-13 15:13:56,013] [DEBUG] - [main] [] [org.mybatis.spring.mapper.ClassPathMapperScanner] [] - Identified candidate component class: file [E:\workspace\ide\bill-backend-parent\bill-backend-dao\target\classes\com\qsqx\mapper\UserMapper.class]  
[2018-12-13 15:13:56,014] [DEBUG] - [main] [] [org.mybatis.spring.mapper.ClassPathMapperScanner] [] - Creating MapperFactoryBean with name 'userMapper' and 'com.qsqx.mapper.UserMapper' mapperInterface  
[2018-12-13 15:13:56,014] [DEBUG] - [main] [] [org.mybatis.spring.mapper.ClassPathMapperScanner] [] - Enabling autowire by type for MapperFactoryBean with name 'userMapper'.  
[2018-12-13 15:25:33,969] [DEBUG] - [main] [] [com.qsqx.Application] [] - Running with Spring Boot v2.0.1.RELEASE, Spring v5.0.5.RELEASE  
[2018-12-13 15:25:34,885] [DEBUG] - [main] [] [org.mybatis.spring.mapper.ClassPathMapperScanner] [] - Identified candidate component class: file [E:\workspace\ide\bill-backend-parent\bill-backend-dao\target\classes\com\qsqx\mapper\UserMapper.class]  
[2018-12-13 15:25:34,886] [DEBUG] - [main] [] [org.mybatis.spring.mapper.ClassPathMapperScanner] [] - Creating MapperFactoryBean with name 'userMapper' and 'com.qsqx.mapper.UserMapper' mapperInterface  
[2018-12-13 15:25:34,886] [DEBUG] - [main] [] [org.mybatis.spring.mapper.ClassPathMapperScanner] [] - Enabling autowire by type for MapperFactoryBean with name 'userMapper'.  
[2018-12-13 15:28:08,105] [DEBUG] - [main] [] [com.qsqx.Application] [] - Running with Spring Boot v2.0.1.RELEASE, Spring v5.0.5.RELEASE  
[2018-12-13 15:28:09,020] [DEBUG] - [main] [] [org.mybatis.spring.mapper.ClassPathMapperScanner] [] - Identified candidate component class: file [E:\workspace\ide\bill-backend-parent\bill-backend-dao\target\classes\com\qsqx\mapper\UserMapper.class]  
[2018-12-13 15:28:09,021] [DEBUG] - [main] [] [org.mybatis.spring.mapper.ClassPathMapperScanner] [] - Creating MapperFactoryBean with name 'userMapper' and 'com.qsqx.mapper.UserMapper' mapperInterface  
[2018-12-13 15:28:09,021] [DEBUG] - [main] [] [org.mybatis.spring.mapper.ClassPathMapperScanner] [] - Enabling autowire by type for MapperFactoryBean with name 'userMapper'.  
[2018-12-13 15:32:15,537] [DEBUG] - [main] [] [com.qsqx.Application] [] - Running with Spring Boot v2.0.1.RELEASE, Spring v5.0.5.RELEASE  
[2018-12-13 15:32:16,311] [DEBUG] - [main] [] [org.mybatis.spring.mapper.ClassPathMapperScanner] [] - Identified candidate component class: file [E:\workspace\ide\bill-backend-parent\bill-backend-dao\target\classes\com\qsqx\mapper\UserMapper.class]  
[2018-12-13 15:32:16,311] [DEBUG] - [main] [] [org.mybatis.spring.mapper.ClassPathMapperScanner] [] - Creating MapperFactoryBean with name 'userMapper' and 'com.qsqx.mapper.UserMapper' mapperInterface  
[2018-12-13 15:32:16,312] [DEBUG] - [main] [] [org.mybatis.spring.mapper.ClassPathMapperScanner] [] - Enabling autowire by type for MapperFactoryBean with name 'userMapper'.  
[2018-12-13 15:38:42,966] [DEBUG] - [main] [] [com.qsqx.Application] [] - Running with Spring Boot v2.0.1.RELEASE, Spring v5.0.5.RELEASE  
[2018-12-13 15:38:43,793] [DEBUG] - [main] [] [org.mybatis.spring.mapper.ClassPathMapperScanner] [] - Identified candidate component class: file [E:\workspace\ide\bill-backend-parent\bill-backend-dao\target\classes\com\qsqx\mapper\UserMapper.class]  
[2018-12-13 15:38:43,793] [DEBUG] - [main] [] [org.mybatis.spring.mapper.ClassPathMapperScanner] [] - Creating MapperFactoryBean with name 'userMapper' and 'com.qsqx.mapper.UserMapper' mapperInterface  
[2018-12-13 15:38:43,793] [DEBUG] - [main] [] [org.mybatis.spring.mapper.ClassPathMapperScanner] [] - Enabling autowire by type for MapperFactoryBean with name 'userMapper'.  
[2018-12-13 15:41:29,605] [DEBUG] - [main] [] [com.qsqx.Application] [] - Running with Spring Boot v2.0.1.RELEASE, Spring v5.0.5.RELEASE  
[2018-12-13 15:41:30,548] [DEBUG] - [main] [] [org.mybatis.spring.mapper.ClassPathMapperScanner] [] - Identified candidate component class: file [E:\workspace\ide\bill-backend-parent\bill-backend-dao\target\classes\com\qsqx\mapper\UserMapper.class]  
[2018-12-13 15:41:30,548] [DEBUG] - [main] [] [org.mybatis.spring.mapper.ClassPathMapperScanner] [] - Creating MapperFactoryBean with name 'userMapper' and 'com.qsqx.mapper.UserMapper' mapperInterface  
[2018-12-13 15:41:30,548] [DEBUG] - [main] [] [org.mybatis.spring.mapper.ClassPathMapperScanner] [] - Enabling autowire by type for MapperFactoryBean with name 'userMapper'.  
[2018-12-13 15:43:18,441] [DEBUG] - [main] [] [com.qsqx.Application] [] - Running with Spring Boot v2.0.1.RELEASE, Spring v5.0.5.RELEASE  
[2018-12-13 15:43:19,712] [DEBUG] - [main] [] [org.mybatis.spring.mapper.ClassPathMapperScanner] [] - Identified candidate component class: file [E:\workspace\ide\bill-backend-parent\bill-backend-dao\target\classes\com\qsqx\mapper\UserMapper.class]  
[2018-12-13 15:43:19,713] [DEBUG] - [main] [] [org.mybatis.spring.mapper.ClassPathMapperScanner] [] - Creating MapperFactoryBean with name 'userMapper' and 'com.qsqx.mapper.UserMapper' mapperInterface  
[2018-12-13 15:43:19,713] [DEBUG] - [main] [] [org.mybatis.spring.mapper.ClassPathMapperScanner] [] - Enabling autowire by type for MapperFactoryBean with name 'userMapper'.  
[2018-12-13 16:11:53,680] [DEBUG] - [main] [] [com.qsqx.Application] [] - Running with Spring Boot v2.0.1.RELEASE, Spring v5.0.5.RELEASE  
[2018-12-13 16:11:54,467] [DEBUG] - [main] [] [org.mybatis.spring.mapper.ClassPathMapperScanner] [] - Identified candidate component class: file [E:\workspace\ide\bill-backend-parent\bill-backend-dao\target\classes\com\qsqx\mapper\UserMapper.class]  
[2018-12-13 16:11:54,467] [DEBUG] - [main] [] [org.mybatis.spring.mapper.ClassPathMapperScanner] [] - Creating MapperFactoryBean with name 'userMapper' and 'com.qsqx.mapper.UserMapper' mapperInterface  
[2018-12-13 16:11:54,467] [DEBUG] - [main] [] [org.mybatis.spring.mapper.ClassPathMapperScanner] [] - Enabling autowire by type for MapperFactoryBean with name 'userMapper'.  
[2018-12-13 16:14:42,492] [DEBUG] - [main] [] [com.qsqx.Application] [] - Running with Spring Boot v2.0.1.RELEASE, Spring v5.0.5.RELEASE  
[2018-12-13 16:14:43,669] [DEBUG] - [main] [] [org.mybatis.spring.mapper.ClassPathMapperScanner] [] - Identified candidate component class: file [E:\workspace\ide\bill-backend-parent\bill-backend-dao\target\classes\com\qsqx\mapper\UserMapper.class]  
[2018-12-13 16:14:43,669] [DEBUG] - [main] [] [org.mybatis.spring.mapper.ClassPathMapperScanner] [] - Creating MapperFactoryBean with name 'userMapper' and 'com.qsqx.mapper.UserMapper' mapperInterface  
[2018-12-13 16:14:43,669] [DEBUG] - [main] [] [org.mybatis.spring.mapper.ClassPathMapperScanner] [] - Enabling autowire by type for MapperFactoryBean with name 'userMapper'.  
[2018-12-13 16:22:22,327] [DEBUG] - [main] [] [com.qsqx.Application] [] - Running with Spring Boot v2.0.1.RELEASE, Spring v5.0.5.RELEASE  
[2018-12-13 16:22:23,107] [DEBUG] - [main] [] [org.mybatis.spring.mapper.ClassPathMapperScanner] [] - Identified candidate component class: file [E:\workspace\ide\bill-backend-parent\bill-backend-dao\target\classes\com\qsqx\mapper\UserMapper.class]  
[2018-12-13 16:22:23,108] [DEBUG] - [main] [] [org.mybatis.spring.mapper.ClassPathMapperScanner] [] - Creating MapperFactoryBean with name 'userMapper' and 'com.qsqx.mapper.UserMapper' mapperInterface  
[2018-12-13 16:22:23,108] [DEBUG] - [main] [] [org.mybatis.spring.mapper.ClassPathMapperScanner] [] - Enabling autowire by type for MapperFactoryBean with name 'userMapper'.  
[2018-12-13 16:22:52,133] [DEBUG] - [main] [] [com.qsqx.Application] [] - Running with Spring Boot v2.0.1.RELEASE, Spring v5.0.5.RELEASE  
[2018-12-13 16:22:52,925] [DEBUG] - [main] [] [org.mybatis.spring.mapper.ClassPathMapperScanner] [] - Identified candidate component class: file [E:\workspace\ide\bill-backend-parent\bill-backend-dao\target\classes\com\qsqx\mapper\UserMapper.class]  
[2018-12-13 16:22:52,926] [DEBUG] - [main] [] [org.mybatis.spring.mapper.ClassPathMapperScanner] [] - Creating MapperFactoryBean with name 'userMapper' and 'com.qsqx.mapper.UserMapper' mapperInterface  
[2018-12-13 16:22:52,926] [DEBUG] - [main] [] [org.mybatis.spring.mapper.ClassPathMapperScanner] [] - Enabling autowire by type for MapperFactoryBean with name 'userMapper'.  
[2018-12-13 16:23:06,285] [DEBUG] - [main] [] [com.qsqx.Application] [] - Running with Spring Boot v2.0.1.RELEASE, Spring v5.0.5.RELEASE  
[2018-12-13 16:23:07,215] [DEBUG] - [main] [] [org.mybatis.spring.mapper.ClassPathMapperScanner] [] - Identified candidate component class: file [E:\workspace\ide\bill-backend-parent\bill-backend-dao\target\classes\com\qsqx\mapper\UserMapper.class]  
[2018-12-13 16:23:07,215] [DEBUG] - [main] [] [org.mybatis.spring.mapper.ClassPathMapperScanner] [] - Creating MapperFactoryBean with name 'userMapper' and 'com.qsqx.mapper.UserMapper' mapperInterface  
[2018-12-13 16:23:07,215] [DEBUG] - [main] [] [org.mybatis.spring.mapper.ClassPathMapperScanner] [] - Enabling autowire by type for MapperFactoryBean with name 'userMapper'.  
[2018-12-13 16:24:08,264] [DEBUG] - [main] [] [com.qsqx.Application] [] - Running with Spring Boot v2.0.1.RELEASE, Spring v5.0.5.RELEASE  
[2018-12-13 16:24:09,073] [DEBUG] - [main] [] [org.mybatis.spring.mapper.ClassPathMapperScanner] [] - Identified candidate component class: file [E:\workspace\ide\bill-backend-parent\bill-backend-dao\target\classes\com\qsqx\mapper\UserMapper.class]  
[2018-12-13 16:24:09,073] [DEBUG] - [main] [] [org.mybatis.spring.mapper.ClassPathMapperScanner] [] - Creating MapperFactoryBean with name 'userMapper' and 'com.qsqx.mapper.UserMapper' mapperInterface  
[2018-12-13 16:24:09,073] [DEBUG] - [main] [] [org.mybatis.spring.mapper.ClassPathMapperScanner] [] - Enabling autowire by type for MapperFactoryBean with name 'userMapper'.  
[2018-12-13 16:27:05,356] [DEBUG] - [main] [] [com.qsqx.Application] [] - Running with Spring Boot v2.0.1.RELEASE, Spring v5.0.5.RELEASE  
[2018-12-13 16:27:06,067] [DEBUG] - [main] [] [org.mybatis.spring.mapper.ClassPathMapperScanner] [] - Identified candidate component class: file [E:\workspace\ide\bill-backend-parent\bill-backend-dao\target\classes\com\qsqx\mapper\UserMapper.class]  
[2018-12-13 16:27:06,068] [DEBUG] - [main] [] [org.mybatis.spring.mapper.ClassPathMapperScanner] [] - Creating MapperFactoryBean with name 'userMapper' and 'com.qsqx.mapper.UserMapper' mapperInterface  
[2018-12-13 16:27:06,068] [DEBUG] - [main] [] [org.mybatis.spring.mapper.ClassPathMapperScanner] [] - Enabling autowire by type for MapperFactoryBean with name 'userMapper'.  
[2018-12-13 16:27:40,367] [DEBUG] - [main] [] [com.qsqx.Application] [] - Running with Spring Boot v2.0.1.RELEASE, Spring v5.0.5.RELEASE  
[2018-12-13 16:27:40,989] [DEBUG] - [main] [] [org.mybatis.spring.mapper.ClassPathMapperScanner] [] - Identified candidate component class: file [E:\workspace\ide\bill-backend-parent\bill-backend-dao\target\classes\com\qsqx\mapper\UserMapper.class]  
[2018-12-13 16:27:40,990] [DEBUG] - [main] [] [org.mybatis.spring.mapper.ClassPathMapperScanner] [] - Creating MapperFactoryBean with name 'userMapper' and 'com.qsqx.mapper.UserMapper' mapperInterface  
[2018-12-13 16:27:40,990] [DEBUG] - [main] [] [org.mybatis.spring.mapper.ClassPathMapperScanner] [] - Enabling autowire by type for MapperFactoryBean with name 'userMapper'.  
[2018-12-13 16:28:56,356] [DEBUG] - [main] [] [com.qsqx.Application] [] - Running with Spring Boot v2.0.1.RELEASE, Spring v5.0.5.RELEASE  
[2018-12-13 16:28:57,289] [DEBUG] - [main] [] [org.mybatis.spring.boot.autoconfigure.MybatisAutoConfiguration] [] - Searching for mappers annotated with @Mapper  
[2018-12-13 16:28:57,290] [DEBUG] - [main] [] [org.mybatis.spring.boot.autoconfigure.MybatisAutoConfiguration] [] - Using auto-configuration base package 'com.qsqx'  
[2018-12-13 16:29:00,039] [DEBUG] - [main] [] [org.mybatis.spring.boot.autoconfigure.MybatisAutoConfiguration] [] - No org.mybatis.spring.mapper.MapperFactoryBean found.  
[2018-12-13 16:29:00,098] [DEBUG] - [main] [] [org.mybatis.spring.SqlSessionFactoryBean] [] - Scanned package: 'com.xdd.entity' for aliases  
[2018-12-13 16:29:00,098] [DEBUG] - [main] [] [org.mybatis.spring.SqlSessionFactoryBean] [] - Property 'mapperLocations' was not specified or no matching resources found  
[2018-12-13 16:30:59,448] [DEBUG] - [main] [] [com.qsqx.Application] [] - Running with Spring Boot v2.0.1.RELEASE, Spring v5.0.5.RELEASE  
[2018-12-13 16:31:00,255] [DEBUG] - [main] [] [org.mybatis.spring.boot.autoconfigure.MybatisAutoConfiguration] [] - Searching for mappers annotated with @Mapper  
[2018-12-13 16:31:00,256] [DEBUG] - [main] [] [org.mybatis.spring.boot.autoconfigure.MybatisAutoConfiguration] [] - Using auto-configuration base package 'com.qsqx'  
[2018-12-13 16:31:02,976] [DEBUG] - [main] [] [org.mybatis.spring.boot.autoconfigure.MybatisAutoConfiguration] [] - No org.mybatis.spring.mapper.MapperFactoryBean found.  
[2018-12-13 16:31:03,048] [DEBUG] - [main] [] [org.mybatis.spring.SqlSessionFactoryBean] [] - Scanned package: 'com.xdd.entity' for aliases  
[2018-12-13 16:31:03,049] [DEBUG] - [main] [] [org.mybatis.spring.SqlSessionFactoryBean] [] - Property 'mapperLocations' was not specified or no matching resources found  
[2018-12-13 17:05:54,031] [DEBUG] - [main] [] [com.qsqx.Application] [] - Running with Spring Boot v2.0.1.RELEASE, Spring v5.0.5.RELEASE  
[2018-12-13 17:05:54,776] [DEBUG] - [main] [] [org.mybatis.spring.mapper.ClassPathMapperScanner] [] - Identified candidate component class: file [E:\workspace\ide\bill-backend-parent\bill-backend-dao\target\classes\com\qsqx\mapper\UserMapper.class]  
[2018-12-13 17:05:54,776] [DEBUG] - [main] [] [org.mybatis.spring.mapper.ClassPathMapperScanner] [] - Creating MapperFactoryBean with name 'userMapper' and 'com.qsqx.mapper.UserMapper' mapperInterface  
[2018-12-13 17:05:54,776] [DEBUG] - [main] [] [org.mybatis.spring.mapper.ClassPathMapperScanner] [] - Enabling autowire by type for MapperFactoryBean with name 'userMapper'.  
[2018-12-13 17:05:56,968] [DEBUG] - [main] [] [org.mybatis.spring.SqlSessionFactoryBean] [] - Scanned package: 'com.xdd.entity' for aliases  
[2018-12-13 17:05:56,968] [DEBUG] - [main] [] [org.mybatis.spring.SqlSessionFactoryBean] [] - Property 'mapperLocations' was not specified or no matching resources found  
[2018-12-13 17:06:27,166] [DEBUG] - [main] [] [com.qsqx.Application] [] - Running with Spring Boot v2.0.1.RELEASE, Spring v5.0.5.RELEASE  
[2018-12-13 17:06:28,065] [DEBUG] - [main] [] [org.mybatis.spring.mapper.ClassPathMapperScanner] [] - Identified candidate component class: file [E:\workspace\ide\bill-backend-parent\bill-backend-dao\target\classes\com\qsqx\mapper\UserMapper.class]  
[2018-12-13 17:06:28,065] [DEBUG] - [main] [] [org.mybatis.spring.mapper.ClassPathMapperScanner] [] - Creating MapperFactoryBean with name 'userMapper' and 'com.qsqx.mapper.UserMapper' mapperInterface  
[2018-12-13 17:06:28,066] [DEBUG] - [main] [] [org.mybatis.spring.mapper.ClassPathMapperScanner] [] - Enabling autowire by type for MapperFactoryBean with name 'userMapper'.  
[2018-12-13 17:06:30,224] [DEBUG] - [main] [] [org.mybatis.spring.SqlSessionFactoryBean] [] - Scanned package: 'com.xdd.entity' for aliases  
[2018-12-13 17:06:30,225] [DEBUG] - [main] [] [org.mybatis.spring.SqlSessionFactoryBean] [] - Property 'mapperLocations' was not specified or no matching resources found  
[2018-12-13 17:17:31,988] [DEBUG] - [main] [] [com.qsqx.Application] [] - Running with Spring Boot v2.0.1.RELEASE, Spring v5.0.5.RELEASE  
[2018-12-13 17:17:33,105] [DEBUG] - [main] [] [org.mybatis.spring.mapper.ClassPathMapperScanner] [] - Identified candidate component class: file [E:\workspace\ide\bill-backend-parent\bill-backend-dao\target\classes\com\qsqx\mapper\UserMapper.class]  
[2018-12-13 17:17:33,106] [DEBUG] - [main] [] [org.mybatis.spring.mapper.ClassPathMapperScanner] [] - Creating MapperFactoryBean with name 'userMapper' and 'com.qsqx.mapper.UserMapper' mapperInterface  
[2018-12-13 17:17:33,106] [DEBUG] - [main] [] [org.mybatis.spring.mapper.ClassPathMapperScanner] [] - Enabling autowire by type for MapperFactoryBean with name 'userMapper'.  
[2018-12-13 17:17:35,291] [DEBUG] - [main] [] [org.mybatis.spring.SqlSessionFactoryBean] [] - Scanned package: 'com.xdd.entity' for aliases  
[2018-12-13 17:17:35,292] [DEBUG] - [main] [] [org.mybatis.spring.SqlSessionFactoryBean] [] - Property 'mapperLocations' was not specified or no matching resources found  
[2018-12-13 17:22:04,623] [DEBUG] - [main] [] [com.qsqx.Application] [] - Running with Spring Boot v2.0.1.RELEASE, Spring v5.0.5.RELEASE  
[2018-12-13 17:22:05,548] [DEBUG] - [main] [] [org.mybatis.spring.mapper.ClassPathMapperScanner] [] - Identified candidate component class: file [E:\workspace\ide\bill-backend-parent\bill-backend-dao\target\classes\com\qsqx\mapper\UserMapper.class]  
[2018-12-13 17:22:05,548] [DEBUG] - [main] [] [org.mybatis.spring.mapper.ClassPathMapperScanner] [] - Creating MapperFactoryBean with name 'userMapper' and 'com.qsqx.mapper.UserMapper' mapperInterface  
[2018-12-13 17:22:05,548] [DEBUG] - [main] [] [org.mybatis.spring.mapper.ClassPathMapperScanner] [] - Enabling autowire by type for MapperFactoryBean with name 'userMapper'.  
[2018-12-13 17:22:07,777] [DEBUG] - [main] [] [org.mybatis.spring.SqlSessionFactoryBean] [] - Scanned package: 'com.xdd.entity' for aliases  
[2018-12-13 17:22:07,846] [DEBUG] - [main] [] [org.mybatis.spring.SqlSessionFactoryBean] [] - Parsed mapper file: 'file [E:\workspace\ide\bill-backend-parent\bill-backend-dao\target\classes\mappers\UserMapper.xml]'  
[2018-12-13 17:22:13,480] [DEBUG] - [http-nio-80-exec-2] [] [org.mybatis.spring.SqlSessionUtils] [] - Creating a new SqlSession  
[2018-12-13 17:22:13,503] [DEBUG] - [http-nio-80-exec-2] [] [org.mybatis.spring.SqlSessionUtils] [] - SqlSession [org.apache.ibatis.session.defaults.DefaultSqlSession@630aa85e] was not registered for synchronization because synchronization is not active  
[2018-12-13 17:22:13,520] [DEBUG] - [http-nio-80-exec-2] [] [org.mybatis.spring.transaction.SpringManagedTransaction] [] - JDBC Connection [com.mysql.jdbc.JDBC4Connection@562a670d] will not be managed by Spring  
[2018-12-13 17:22:13,522] [DEBUG] - [http-nio-80-exec-2] [] [com.qsqx.mapper.UserMapper.select] [] - ==>  Preparing: select * from t_user where id = ?;   
[2018-12-13 17:22:13,562] [DEBUG] - [http-nio-80-exec-2] [] [com.qsqx.mapper.UserMapper.select] [] - ==> Parameters: 1(Integer)  
[2018-12-13 17:22:13,595] [DEBUG] - [http-nio-80-exec-2] [] [com.qsqx.mapper.UserMapper.select] [] - <==      Total: 1  
[2018-12-13 17:22:13,596] [DEBUG] - [http-nio-80-exec-2] [] [org.mybatis.spring.SqlSessionUtils] [] - Closing non transactional SqlSession [org.apache.ibatis.session.defaults.DefaultSqlSession@630aa85e]  
[2018-12-13 17:42:14,779] [DEBUG] - [main] [] [com.qsqx.Application] [] - Running with Spring Boot v2.0.1.RELEASE, Spring v5.0.5.RELEASE  
[2018-12-13 17:42:15,669] [DEBUG] - [main] [] [org.mybatis.spring.mapper.ClassPathMapperScanner] [] - Identified candidate component class: file [E:\workspace\ide\bill-backend-parent\bill-backend-dao\target\classes\com\qsqx\mapper\UserMapper.class]  
[2018-12-13 17:42:15,670] [DEBUG] - [main] [] [org.mybatis.spring.mapper.ClassPathMapperScanner] [] - Creating MapperFactoryBean with name 'userMapper' and 'com.qsqx.mapper.UserMapper' mapperInterface  
[2018-12-13 17:42:15,671] [DEBUG] - [main] [] [org.mybatis.spring.mapper.ClassPathMapperScanner] [] - Enabling autowire by type for MapperFactoryBean with name 'userMapper'.  
[2018-12-13 17:42:17,848] [DEBUG] - [main] [] [org.mybatis.spring.SqlSessionFactoryBean] [] - Scanned package: 'com.xdd.entity' for aliases  
[2018-12-13 17:42:17,914] [DEBUG] - [main] [] [org.mybatis.spring.SqlSessionFactoryBean] [] - Parsed mapper file: 'file [E:\workspace\ide\bill-backend-parent\bill-backend-dao\target\classes\mappers\UserMapper.xml]'  
[2018-12-13 17:42:42,446] [DEBUG] - [main] [] [com.qsqx.Application] [] - Running with Spring Boot v2.0.1.RELEASE, Spring v5.0.5.RELEASE  
[2018-12-13 17:42:43,494] [DEBUG] - [main] [] [org.mybatis.spring.mapper.ClassPathMapperScanner] [] - Identified candidate component class: file [E:\workspace\ide\bill-backend-parent\bill-backend-dao\target\classes\com\qsqx\mapper\UserMapper.class]  
[2018-12-13 17:42:43,494] [DEBUG] - [main] [] [org.mybatis.spring.mapper.ClassPathMapperScanner] [] - Creating MapperFactoryBean with name 'userMapper' and 'com.qsqx.mapper.UserMapper' mapperInterface  
[2018-12-13 17:42:43,494] [DEBUG] - [main] [] [org.mybatis.spring.mapper.ClassPathMapperScanner] [] - Enabling autowire by type for MapperFactoryBean with name 'userMapper'.  
[2018-12-13 17:42:48,206] [DEBUG] - [main] [] [org.mybatis.spring.SqlSessionFactoryBean] [] - Scanned package: 'com.xdd.entity' for aliases  
[2018-12-13 17:42:48,373] [DEBUG] - [main] [] [org.mybatis.spring.SqlSessionFactoryBean] [] - Parsed mapper file: 'file [E:\workspace\ide\bill-backend-parent\bill-backend-dao\target\classes\mappers\UserMapper.xml]'  
[2018-12-13 17:47:19,943] [DEBUG] - [main] [] [com.qsqx.Application] [] - Running with Spring Boot v2.0.1.RELEASE, Spring v5.0.5.RELEASE  
[2018-12-13 17:47:20,982] [DEBUG] - [main] [] [org.mybatis.spring.mapper.ClassPathMapperScanner] [] - Identified candidate component class: file [E:\workspace\ide\bill-backend-parent\bill-backend-dao\target\classes\com\qsqx\mapper\UserMapper.class]  
[2018-12-13 17:47:20,982] [DEBUG] - [main] [] [org.mybatis.spring.mapper.ClassPathMapperScanner] [] - Creating MapperFactoryBean with name 'userMapper' and 'com.qsqx.mapper.UserMapper' mapperInterface  
[2018-12-13 17:47:20,982] [DEBUG] - [main] [] [org.mybatis.spring.mapper.ClassPathMapperScanner] [] - Enabling autowire by type for MapperFactoryBean with name 'userMapper'.  
[2018-12-13 17:47:25,310] [DEBUG] - [main] [] [org.mybatis.spring.SqlSessionFactoryBean] [] - Scanned package: 'com.xdd.entity' for aliases  
[2018-12-13 17:47:25,459] [DEBUG] - [main] [] [org.mybatis.spring.SqlSessionFactoryBean] [] - Parsed mapper file: 'file [E:\workspace\ide\bill-backend-parent\bill-backend-dao\target\classes\mappers\UserMapper.xml]'  
[2018-12-13 17:48:03,717] [DEBUG] - [main] [] [com.qsqx.Application] [] - Running with Spring Boot v2.0.1.RELEASE, Spring v5.0.5.RELEASE  
[2018-12-13 17:48:04,792] [DEBUG] - [main] [] [org.mybatis.spring.mapper.ClassPathMapperScanner] [] - Identified candidate component class: file [E:\workspace\ide\bill-backend-parent\bill-backend-dao\target\classes\com\qsqx\mapper\UserMapper.class]  
[2018-12-13 17:48:04,792] [DEBUG] - [main] [] [org.mybatis.spring.mapper.ClassPathMapperScanner] [] - Creating MapperFactoryBean with name 'userMapper' and 'com.qsqx.mapper.UserMapper' mapperInterface  
[2018-12-13 17:48:04,792] [DEBUG] - [main] [] [org.mybatis.spring.mapper.ClassPathMapperScanner] [] - Enabling autowire by type for MapperFactoryBean with name 'userMapper'.  
[2018-12-13 17:48:09,147] [DEBUG] - [main] [] [org.mybatis.spring.SqlSessionFactoryBean] [] - Scanned package: 'com.xdd.entity' for aliases  
[2018-12-13 17:48:09,292] [DEBUG] - [main] [] [org.mybatis.spring.SqlSessionFactoryBean] [] - Parsed mapper file: 'file [E:\workspace\ide\bill-backend-parent\bill-backend-dao\target\classes\mappers\UserMapper.xml]'  
[2018-12-13 17:48:56,411] [DEBUG] - [http-nio-80-exec-2] [] [org.mybatis.spring.SqlSessionUtils] [] - Creating a new SqlSession  
[2018-12-13 17:48:56,426] [DEBUG] - [http-nio-80-exec-2] [] [org.mybatis.spring.SqlSessionUtils] [] - SqlSession [org.apache.ibatis.session.defaults.DefaultSqlSession@85ae144] was not registered for synchronization because synchronization is not active  
[2018-12-13 17:48:56,462] [DEBUG] - [http-nio-80-exec-2] [] [org.mybatis.spring.transaction.SpringManagedTransaction] [] - JDBC Connection [com.mysql.jdbc.JDBC4Connection@37520ee1] will not be managed by Spring  
[2018-12-13 17:48:56,468] [DEBUG] - [http-nio-80-exec-2] [] [com.qsqx.mapper.UserMapper.select] [] - ==>  Preparing: select * from t_user where id = ?;   
[2018-12-13 17:48:56,500] [DEBUG] - [http-nio-80-exec-2] [] [com.qsqx.mapper.UserMapper.select] [] - ==> Parameters: 1(Integer)  
[2018-12-13 17:48:56,518] [DEBUG] - [http-nio-80-exec-2] [] [com.qsqx.mapper.UserMapper.select] [] - <==      Total: 1  
[2018-12-13 17:48:56,520] [DEBUG] - [http-nio-80-exec-2] [] [org.mybatis.spring.SqlSessionUtils] [] - Closing non transactional SqlSession [org.apache.ibatis.session.defaults.DefaultSqlSession@85ae144]  
[2018-12-13 17:49:00,002] [DEBUG] - [http-nio-80-exec-3] [] [org.mybatis.spring.SqlSessionUtils] [] - Creating a new SqlSession  
[2018-12-13 17:49:00,002] [DEBUG] - [http-nio-80-exec-3] [] [org.mybatis.spring.SqlSessionUtils] [] - SqlSession [org.apache.ibatis.session.defaults.DefaultSqlSession@2f925a3b] was not registered for synchronization because synchronization is not active  
[2018-12-13 17:49:00,002] [DEBUG] - [http-nio-80-exec-3] [] [org.mybatis.spring.transaction.SpringManagedTransaction] [] - JDBC Connection [com.mysql.jdbc.JDBC4Connection@37520ee1] will not be managed by Spring  
[2018-12-13 17:49:00,002] [DEBUG] - [http-nio-80-exec-3] [] [com.qsqx.mapper.UserMapper.select] [] - ==>  Preparing: select * from t_user where id = ?;   
[2018-12-13 17:49:00,002] [DEBUG] - [http-nio-80-exec-3] [] [com.qsqx.mapper.UserMapper.select] [] - ==> Parameters: 1(Integer)  
[2018-12-13 17:49:00,004] [DEBUG] - [http-nio-80-exec-3] [] [com.qsqx.mapper.UserMapper.select] [] - <==      Total: 1  
[2018-12-13 17:49:00,005] [DEBUG] - [http-nio-80-exec-3] [] [org.mybatis.spring.SqlSessionUtils] [] - Closing non transactional SqlSession [org.apache.ibatis.session.defaults.DefaultSqlSession@2f925a3b]  
[2018-12-13 17:49:01,812] [DEBUG] - [http-nio-80-exec-4] [] [org.mybatis.spring.SqlSessionUtils] [] - Creating a new SqlSession  
[2018-12-13 17:49:01,812] [DEBUG] - [http-nio-80-exec-4] [] [org.mybatis.spring.SqlSessionUtils] [] - SqlSession [org.apache.ibatis.session.defaults.DefaultSqlSession@3d267e0e] was not registered for synchronization because synchronization is not active  
[2018-12-13 17:49:01,812] [DEBUG] - [http-nio-80-exec-4] [] [org.mybatis.spring.transaction.SpringManagedTransaction] [] - JDBC Connection [com.mysql.jdbc.JDBC4Connection@37520ee1] will not be managed by Spring  
[2018-12-13 17:49:01,812] [DEBUG] - [http-nio-80-exec-4] [] [com.qsqx.mapper.UserMapper.select] [] - ==>  Preparing: select * from t_user where id = ?;   
[2018-12-13 17:49:01,813] [DEBUG] - [http-nio-80-exec-4] [] [com.qsqx.mapper.UserMapper.select] [] - ==> Parameters: 1(Integer)  
[2018-12-13 17:49:01,813] [DEBUG] - [http-nio-80-exec-4] [] [com.qsqx.mapper.UserMapper.select] [] - <==      Total: 1  
[2018-12-13 17:49:01,814] [DEBUG] - [http-nio-80-exec-4] [] [org.mybatis.spring.SqlSessionUtils] [] - Closing non transactional SqlSession [org.apache.ibatis.session.defaults.DefaultSqlSession@3d267e0e]  
[2018-12-13 17:49:12,202] [DEBUG] - [http-nio-80-exec-5] [] [org.mybatis.spring.SqlSessionUtils] [] - Creating a new SqlSession  
[2018-12-13 17:49:12,203] [DEBUG] - [http-nio-80-exec-5] [] [org.mybatis.spring.SqlSessionUtils] [] - SqlSession [org.apache.ibatis.session.defaults.DefaultSqlSession@72e69812] was not registered for synchronization because synchronization is not active  
[2018-12-13 17:49:12,203] [DEBUG] - [http-nio-80-exec-5] [] [org.mybatis.spring.transaction.SpringManagedTransaction] [] - JDBC Connection [com.mysql.jdbc.JDBC4Connection@37520ee1] will not be managed by Spring  
[2018-12-13 17:49:12,203] [DEBUG] - [http-nio-80-exec-5] [] [com.qsqx.mapper.UserMapper.select] [] - ==>  Preparing: select * from t_user where id = ?;   
[2018-12-13 17:49:12,203] [DEBUG] - [http-nio-80-exec-5] [] [com.qsqx.mapper.UserMapper.select] [] - ==> Parameters: 1(Integer)  
[2018-12-13 17:49:12,206] [DEBUG] - [http-nio-80-exec-5] [] [com.qsqx.mapper.UserMapper.select] [] - <==      Total: 1  
[2018-12-13 17:49:12,206] [DEBUG] - [http-nio-80-exec-5] [] [org.mybatis.spring.SqlSessionUtils] [] - Closing non transactional SqlSession [org.apache.ibatis.session.defaults.DefaultSqlSession@72e69812]  
[2018-12-13 17:49:13,155] [DEBUG] - [http-nio-80-exec-6] [] [org.mybatis.spring.SqlSessionUtils] [] - Creating a new SqlSession  
[2018-12-13 17:49:13,156] [DEBUG] - [http-nio-80-exec-6] [] [org.mybatis.spring.SqlSessionUtils] [] - SqlSession [org.apache.ibatis.session.defaults.DefaultSqlSession@3ee75d6d] was not registered for synchronization because synchronization is not active  
[2018-12-13 17:49:13,156] [DEBUG] - [http-nio-80-exec-6] [] [org.mybatis.spring.transaction.SpringManagedTransaction] [] - JDBC Connection [com.mysql.jdbc.JDBC4Connection@37520ee1] will not be managed by Spring  
[2018-12-13 17:49:13,156] [DEBUG] - [http-nio-80-exec-6] [] [com.qsqx.mapper.UserMapper.select] [] - ==>  Preparing: select * from t_user where id = ?;   
[2018-12-13 17:49:13,156] [DEBUG] - [http-nio-80-exec-6] [] [com.qsqx.mapper.UserMapper.select] [] - ==> Parameters: 1(Integer)  
[2018-12-13 17:49:13,157] [DEBUG] - [http-nio-80-exec-6] [] [com.qsqx.mapper.UserMapper.select] [] - <==      Total: 1  
[2018-12-13 17:49:13,160] [DEBUG] - [http-nio-80-exec-6] [] [org.mybatis.spring.SqlSessionUtils] [] - Closing non transactional SqlSession [org.apache.ibatis.session.defaults.DefaultSqlSession@3ee75d6d]  
[2018-12-13 17:49:14,065] [DEBUG] - [http-nio-80-exec-7] [] [org.mybatis.spring.SqlSessionUtils] [] - Creating a new SqlSession  
[2018-12-13 17:49:14,065] [DEBUG] - [http-nio-80-exec-7] [] [org.mybatis.spring.SqlSessionUtils] [] - SqlSession [org.apache.ibatis.session.defaults.DefaultSqlSession@2088c5b9] was not registered for synchronization because synchronization is not active  
[2018-12-13 17:49:14,066] [DEBUG] - [http-nio-80-exec-7] [] [org.mybatis.spring.transaction.SpringManagedTransaction] [] - JDBC Connection [com.mysql.jdbc.JDBC4Connection@37520ee1] will not be managed by Spring  
[2018-12-13 17:49:14,066] [DEBUG] - [http-nio-80-exec-7] [] [com.qsqx.mapper.UserMapper.select] [] - ==>  Preparing: select * from t_user where id = ?;   
[2018-12-13 17:49:14,067] [DEBUG] - [http-nio-80-exec-7] [] [com.qsqx.mapper.UserMapper.select] [] - ==> Parameters: 1(Integer)  
[2018-12-13 17:49:14,067] [DEBUG] - [http-nio-80-exec-7] [] [com.qsqx.mapper.UserMapper.select] [] - <==      Total: 1  
[2018-12-13 17:49:14,068] [DEBUG] - [http-nio-80-exec-7] [] [org.mybatis.spring.SqlSessionUtils] [] - Closing non transactional SqlSession [org.apache.ibatis.session.defaults.DefaultSqlSession@2088c5b9]  
[2018-12-13 17:49:21,829] [DEBUG] - [main] [] [com.qsqx.Application] [] - Running with Spring Boot v2.0.1.RELEASE, Spring v5.0.5.RELEASE  
[2018-12-13 17:49:22,563] [DEBUG] - [main] [] [org.mybatis.spring.mapper.ClassPathMapperScanner] [] - Identified candidate component class: file [E:\workspace\ide\bill-backend-parent\bill-backend-dao\target\classes\com\qsqx\mapper\UserMapper.class]  
[2018-12-13 17:49:22,565] [DEBUG] - [main] [] [org.mybatis.spring.mapper.ClassPathMapperScanner] [] - Creating MapperFactoryBean with name 'userMapper' and 'com.qsqx.mapper.UserMapper' mapperInterface  
[2018-12-13 17:49:22,565] [DEBUG] - [main] [] [org.mybatis.spring.mapper.ClassPathMapperScanner] [] - Enabling autowire by type for MapperFactoryBean with name 'userMapper'.  
[2018-12-13 17:49:26,731] [DEBUG] - [main] [] [org.mybatis.spring.SqlSessionFactoryBean] [] - Scanned package: 'com.xdd.entity' for aliases  
[2018-12-13 17:49:26,875] [DEBUG] - [main] [] [org.mybatis.spring.SqlSessionFactoryBean] [] - Parsed mapper file: 'file [E:\workspace\ide\bill-backend-parent\bill-backend-dao\target\classes\mappers\UserMapper.xml]'  
[2018-12-13 17:50:05,938] [DEBUG] - [main] [] [com.qsqx.Application] [] - Running with Spring Boot v2.0.1.RELEASE, Spring v5.0.5.RELEASE  
[2018-12-13 17:50:06,752] [DEBUG] - [main] [] [org.mybatis.spring.mapper.ClassPathMapperScanner] [] - Identified candidate component class: file [E:\workspace\ide\bill-backend-parent\bill-backend-dao\target\classes\com\qsqx\mapper\UserMapper.class]  
[2018-12-13 17:50:06,753] [DEBUG] - [main] [] [org.mybatis.spring.mapper.ClassPathMapperScanner] [] - Creating MapperFactoryBean with name 'userMapper' and 'com.qsqx.mapper.UserMapper' mapperInterface  
[2018-12-13 17:50:06,753] [DEBUG] - [main] [] [org.mybatis.spring.mapper.ClassPathMapperScanner] [] - Enabling autowire by type for MapperFactoryBean with name 'userMapper'.  
[2018-12-13 17:50:11,000] [DEBUG] - [main] [] [org.mybatis.spring.SqlSessionFactoryBean] [] - Scanned package: 'com.xdd.entity' for aliases  
[2018-12-13 17:50:11,148] [DEBUG] - [main] [] [org.mybatis.spring.SqlSessionFactoryBean] [] - Parsed mapper file: 'file [E:\workspace\ide\bill-backend-parent\bill-backend-dao\target\classes\mappers\UserMapper.xml]'  
[2018-12-13 17:50:24,595] [DEBUG] - [http-nio-80-exec-1] [] [org.mybatis.spring.SqlSessionUtils] [] - Creating a new SqlSession  
[2018-12-13 17:50:24,611] [DEBUG] - [http-nio-80-exec-1] [] [org.mybatis.spring.SqlSessionUtils] [] - SqlSession [org.apache.ibatis.session.defaults.DefaultSqlSession@2f47ca7e] was not registered for synchronization because synchronization is not active  
[2018-12-13 17:50:24,638] [DEBUG] - [http-nio-80-exec-1] [] [org.mybatis.spring.transaction.SpringManagedTransaction] [] - JDBC Connection [com.mysql.jdbc.JDBC4Connection@1a474ffb] will not be managed by Spring  
[2018-12-13 17:50:24,642] [DEBUG] - [http-nio-80-exec-1] [] [com.qsqx.mapper.UserMapper.select] [] - ==>  Preparing: select * from t_user where id = ?;   
[2018-12-13 17:50:24,665] [DEBUG] - [http-nio-80-exec-1] [] [com.qsqx.mapper.UserMapper.select] [] - ==> Parameters: 1(Integer)  
[2018-12-13 17:50:24,682] [DEBUG] - [http-nio-80-exec-1] [] [com.qsqx.mapper.UserMapper.select] [] - <==      Total: 1  
[2018-12-13 17:50:24,684] [DEBUG] - [http-nio-80-exec-1] [] [org.mybatis.spring.SqlSessionUtils] [] - Closing non transactional SqlSession [org.apache.ibatis.session.defaults.DefaultSqlSession@2f47ca7e]  
[2018-12-13 17:50:25,959] [DEBUG] - [http-nio-80-exec-4] [] [org.mybatis.spring.SqlSessionUtils] [] - Creating a new SqlSession  
[2018-12-13 17:50:25,959] [DEBUG] - [http-nio-80-exec-4] [] [org.mybatis.spring.SqlSessionUtils] [] - SqlSession [org.apache.ibatis.session.defaults.DefaultSqlSession@65c5dcf3] was not registered for synchronization because synchronization is not active  
[2018-12-13 17:50:25,959] [DEBUG] - [http-nio-80-exec-4] [] [org.mybatis.spring.transaction.SpringManagedTransaction] [] - JDBC Connection [com.mysql.jdbc.JDBC4Connection@1a474ffb] will not be managed by Spring  
[2018-12-13 17:50:25,959] [DEBUG] - [http-nio-80-exec-4] [] [com.qsqx.mapper.UserMapper.select] [] - ==>  Preparing: select * from t_user where id = ?;   
[2018-12-13 17:50:25,959] [DEBUG] - [http-nio-80-exec-4] [] [com.qsqx.mapper.UserMapper.select] [] - ==> Parameters: 1(Integer)  
[2018-12-13 17:50:25,961] [DEBUG] - [http-nio-80-exec-4] [] [com.qsqx.mapper.UserMapper.select] [] - <==      Total: 1  
[2018-12-13 17:50:25,962] [DEBUG] - [http-nio-80-exec-4] [] [org.mybatis.spring.SqlSessionUtils] [] - Closing non transactional SqlSession [org.apache.ibatis.session.defaults.DefaultSqlSession@65c5dcf3]  
[2018-12-13 17:50:26,801] [DEBUG] - [http-nio-80-exec-5] [] [org.mybatis.spring.SqlSessionUtils] [] - Creating a new SqlSession  
[2018-12-13 17:50:26,801] [DEBUG] - [http-nio-80-exec-5] [] [org.mybatis.spring.SqlSessionUtils] [] - SqlSession [org.apache.ibatis.session.defaults.DefaultSqlSession@2ec33e75] was not registered for synchronization because synchronization is not active  
[2018-12-13 17:50:26,801] [DEBUG] - [http-nio-80-exec-5] [] [org.mybatis.spring.transaction.SpringManagedTransaction] [] - JDBC Connection [com.mysql.jdbc.JDBC4Connection@1a474ffb] will not be managed by Spring  
[2018-12-13 17:50:26,801] [DEBUG] - [http-nio-80-exec-5] [] [com.qsqx.mapper.UserMapper.select] [] - ==>  Preparing: select * from t_user where id = ?;   
[2018-12-13 17:50:26,802] [DEBUG] - [http-nio-80-exec-5] [] [com.qsqx.mapper.UserMapper.select] [] - ==> Parameters: 1(Integer)  
[2018-12-13 17:50:26,803] [DEBUG] - [http-nio-80-exec-5] [] [com.qsqx.mapper.UserMapper.select] [] - <==      Total: 1  
[2018-12-13 17:50:26,803] [DEBUG] - [http-nio-80-exec-5] [] [org.mybatis.spring.SqlSessionUtils] [] - Closing non transactional SqlSession [org.apache.ibatis.session.defaults.DefaultSqlSession@2ec33e75]  
[2018-12-13 17:59:22,441] [DEBUG] - [restartedMain] [] [com.qsqx.Application] [] - Running with Spring Boot v2.0.1.RELEASE, Spring v5.0.5.RELEASE  
[2018-12-13 17:59:41,403] [DEBUG] - [restartedMain] [] [com.qsqx.Application] [] - Running with Spring Boot v2.0.1.RELEASE, Spring v5.0.5.RELEASE  
[2018-12-13 17:59:42,944] [DEBUG] - [restartedMain] [] [org.mybatis.spring.mapper.ClassPathMapperScanner] [] - Identified candidate component class: file [E:\workspace\ide\bill-backend-parent\bill-backend-dao\target\classes\com\qsqx\mapper\UserMapper.class]  
[2018-12-13 17:59:42,944] [DEBUG] - [restartedMain] [] [org.mybatis.spring.mapper.ClassPathMapperScanner] [] - Creating MapperFactoryBean with name 'userMapper' and 'com.qsqx.mapper.UserMapper' mapperInterface  
[2018-12-13 17:59:42,944] [DEBUG] - [restartedMain] [] [org.mybatis.spring.mapper.ClassPathMapperScanner] [] - Enabling autowire by type for MapperFactoryBean with name 'userMapper'.  
[2018-12-13 17:59:45,900] [DEBUG] - [restartedMain] [] [org.mybatis.spring.SqlSessionFactoryBean] [] - Scanned package: 'com.xdd.entity' for aliases  
[2018-12-13 17:59:45,984] [DEBUG] - [restartedMain] [] [org.mybatis.spring.SqlSessionFactoryBean] [] - Parsed mapper file: 'file [E:\workspace\ide\bill-backend-parent\bill-backend-dao\target\classes\mappers\UserMapper.xml]'  
[2018-12-13 18:00:09,303] [DEBUG] - [restartedMain] [] [com.qsqx.Application] [] - Running with Spring Boot v2.0.1.RELEASE, Spring v5.0.5.RELEASE  
[2018-12-13 18:00:10,791] [DEBUG] - [restartedMain] [] [org.mybatis.spring.mapper.ClassPathMapperScanner] [] - Identified candidate component class: file [E:\workspace\ide\bill-backend-parent\bill-backend-dao\target\classes\com\qsqx\mapper\UserMapper.class]  
[2018-12-13 18:00:10,791] [DEBUG] - [restartedMain] [] [org.mybatis.spring.mapper.ClassPathMapperScanner] [] - Creating MapperFactoryBean with name 'userMapper' and 'com.qsqx.mapper.UserMapper' mapperInterface  
[2018-12-13 18:00:10,791] [DEBUG] - [restartedMain] [] [org.mybatis.spring.mapper.ClassPathMapperScanner] [] - Enabling autowire by type for MapperFactoryBean with name 'userMapper'.  
[2018-12-13 18:00:13,777] [DEBUG] - [restartedMain] [] [org.mybatis.spring.SqlSessionFactoryBean] [] - Scanned package: 'com.xdd.entity' for aliases  
[2018-12-13 18:00:13,862] [DEBUG] - [restartedMain] [] [org.mybatis.spring.SqlSessionFactoryBean] [] - Parsed mapper file: 'file [E:\workspace\ide\bill-backend-parent\bill-backend-dao\target\classes\mappers\UserMapper.xml]'  
[2018-12-13 18:00:29,699] [DEBUG] - [http-nio-80-exec-2] [] [org.mybatis.spring.SqlSessionUtils] [] - Creating a new SqlSession  
[2018-12-13 18:00:29,707] [DEBUG] - [http-nio-80-exec-2] [] [org.mybatis.spring.SqlSessionUtils] [] - SqlSession [org.apache.ibatis.session.defaults.DefaultSqlSession@431c77e2] was not registered for synchronization because synchronization is not active  
[2018-12-13 18:00:29,724] [DEBUG] - [http-nio-80-exec-2] [] [org.mybatis.spring.transaction.SpringManagedTransaction] [] - JDBC Connection [com.mysql.jdbc.JDBC4Connection@3a72f78c] will not be managed by Spring  
[2018-12-13 18:00:29,727] [DEBUG] - [http-nio-80-exec-2] [] [com.qsqx.mapper.UserMapper.select] [] - ==>  Preparing: select * from t_user where id = ?;   
[2018-12-13 18:00:29,742] [DEBUG] - [http-nio-80-exec-2] [] [com.qsqx.mapper.UserMapper.select] [] - ==> Parameters: 1(Integer)  
[2018-12-13 18:00:29,755] [DEBUG] - [http-nio-80-exec-2] [] [com.qsqx.mapper.UserMapper.select] [] - <==      Total: 1  
[2018-12-13 18:00:29,755] [DEBUG] - [http-nio-80-exec-2] [] [org.mybatis.spring.SqlSessionUtils] [] - Closing non transactional SqlSession [org.apache.ibatis.session.defaults.DefaultSqlSession@431c77e2]  
[2018-12-13 18:00:38,351] [DEBUG] - [http-nio-80-exec-4] [] [org.mybatis.spring.SqlSessionUtils] [] - Creating a new SqlSession  
[2018-12-13 18:00:38,351] [DEBUG] - [http-nio-80-exec-4] [] [org.mybatis.spring.SqlSessionUtils] [] - SqlSession [org.apache.ibatis.session.defaults.DefaultSqlSession@59b208e9] was not registered for synchronization because synchronization is not active  
[2018-12-13 18:00:38,351] [DEBUG] - [http-nio-80-exec-4] [] [org.mybatis.spring.transaction.SpringManagedTransaction] [] - JDBC Connection [com.mysql.jdbc.JDBC4Connection@3a72f78c] will not be managed by Spring  
[2018-12-13 18:00:38,351] [DEBUG] - [http-nio-80-exec-4] [] [com.qsqx.mapper.UserMapper.select] [] - ==>  Preparing: select * from t_user where id = ?;   
[2018-12-13 18:00:38,352] [DEBUG] - [http-nio-80-exec-4] [] [com.qsqx.mapper.UserMapper.select] [] - ==> Parameters: 1(Integer)  
[2018-12-13 18:00:38,354] [DEBUG] - [http-nio-80-exec-4] [] [com.qsqx.mapper.UserMapper.select] [] - <==      Total: 1  
[2018-12-13 18:00:38,355] [DEBUG] - [http-nio-80-exec-4] [] [org.mybatis.spring.SqlSessionUtils] [] - Closing non transactional SqlSession [org.apache.ibatis.session.defaults.DefaultSqlSession@59b208e9]  
[2018-12-13 18:16:14,583] [DEBUG] - [restartedMain] [] [com.qsqx.Application] [] - Running with Spring Boot v2.0.1.RELEASE, Spring v5.0.5.RELEASE  
[2018-12-13 18:16:16,134] [DEBUG] - [restartedMain] [] [org.mybatis.spring.mapper.ClassPathMapperScanner] [] - Identified candidate component class: file [E:\workspace\ide\bill-backend-parent\bill-backend-dao\target\classes\com\qsqx\mapper\UserMapper.class]  
[2018-12-13 18:16:16,135] [DEBUG] - [restartedMain] [] [org.mybatis.spring.mapper.ClassPathMapperScanner] [] - Creating MapperFactoryBean with name 'userMapper' and 'com.qsqx.mapper.UserMapper' mapperInterface  
[2018-12-13 18:16:16,135] [DEBUG] - [restartedMain] [] [org.mybatis.spring.mapper.ClassPathMapperScanner] [] - Enabling autowire by type for MapperFactoryBean with name 'userMapper'.  
[2018-12-13 18:41:09,074] [DEBUG] - [restartedMain] [] [com.qsqx.Application] [] - Running with Spring Boot v2.0.1.RELEASE, Spring v5.0.5.RELEASE  
[2018-12-13 18:41:10,293] [DEBUG] - [restartedMain] [] [org.mybatis.spring.mapper.ClassPathMapperScanner] [] - Identified candidate component class: file [E:\workspace\ide\bill-backend-parent\bill-backend-dao\target\classes\com\qsqx\mapper\UserMapper.class]  
[2018-12-13 18:41:10,293] [DEBUG] - [restartedMain] [] [org.mybatis.spring.mapper.ClassPathMapperScanner] [] - Creating MapperFactoryBean with name 'userMapper' and 'com.qsqx.mapper.UserMapper' mapperInterface  
[2018-12-13 18:41:10,294] [DEBUG] - [restartedMain] [] [org.mybatis.spring.mapper.ClassPathMapperScanner] [] - Enabling autowire by type for MapperFactoryBean with name 'userMapper'.  
[2018-12-13 18:41:13,330] [DEBUG] - [restartedMain] [] [org.mybatis.spring.SqlSessionFactoryBean] [] - Scanned package: 'com.xdd.entity' for aliases  
[2018-12-13 18:41:13,405] [DEBUG] - [restartedMain] [] [org.mybatis.spring.SqlSessionFactoryBean] [] - Parsed mapper file: 'file [E:\workspace\ide\bill-backend-parent\bill-backend-dao\target\classes\mappers\UserMapper.xml]'  
[2018-12-13 18:41:20,219] [DEBUG] - [http-nio-80-exec-1] [] [org.mybatis.spring.SqlSessionUtils] [] - Creating a new SqlSession  
[2018-12-13 18:41:20,225] [DEBUG] - [http-nio-80-exec-1] [] [org.mybatis.spring.SqlSessionUtils] [] - SqlSession [org.apache.ibatis.session.defaults.DefaultSqlSession@577578ba] was not registered for synchronization because synchronization is not active  
[2018-12-13 18:41:20,239] [DEBUG] - [http-nio-80-exec-1] [] [org.mybatis.spring.transaction.SpringManagedTransaction] [] - JDBC Connection [com.mysql.jdbc.JDBC4Connection@7b1f8f81] will not be managed by Spring  
[2018-12-13 18:41:20,242] [DEBUG] - [http-nio-80-exec-1] [] [com.qsqx.mapper.UserMapper.select] [] - ==>  Preparing: select * from t_user where id = ?;   
[2018-12-13 18:41:20,254] [DEBUG] - [http-nio-80-exec-1] [] [com.qsqx.mapper.UserMapper.select] [] - ==> Parameters: 1(Long)  
[2018-12-13 18:41:20,264] [DEBUG] - [http-nio-80-exec-1] [] [com.qsqx.mapper.UserMapper.select] [] - <==      Total: 1  
[2018-12-13 18:41:20,265] [DEBUG] - [http-nio-80-exec-1] [] [org.mybatis.spring.SqlSessionUtils] [] - Closing non transactional SqlSession [org.apache.ibatis.session.defaults.DefaultSqlSession@577578ba]  
