[2018-12-17 10:08:21,548] [DEBUG] - [restartedMain] [] [com.qsqx.Application] [] - Running with Spring Boot v2.0.1.RELEASE, Spring v5.0.5.RELEASE  
[2018-12-17 10:08:23,566] [DEBUG] - [restartedMain] [] [org.mybatis.spring.mapper.ClassPathMapperScanner] [] - Identified candidate component class: file [E:\workspace\ide\bill-backend-parent\bill-backend-dao\target\classes\com\qsqx\mapper\UserMapper.class]  
[2018-12-17 10:08:23,566] [DEBUG] - [restartedMain] [] [org.mybatis.spring.mapper.ClassPathMapperScanner] [] - Creating MapperFactoryBean with name 'userMapper' and 'com.qsqx.mapper.UserMapper' mapperInterface  
[2018-12-17 10:08:23,566] [DEBUG] - [restartedMain] [] [org.mybatis.spring.mapper.ClassPathMapperScanner] [] - Enabling autowire by type for MapperFactoryBean with name 'userMapper'.  
[2018-12-17 10:08:26,887] [DEBUG] - [restartedMain] [] [org.mybatis.spring.SqlSessionFactoryBean] [] - Scanned package: 'com.xdd.entity' for aliases  
[2018-12-17 10:08:27,027] [DEBUG] - [restartedMain] [] [org.mybatis.spring.SqlSessionFactoryBean] [] - Parsed mapper file: 'file [E:\workspace\ide\bill-backend-parent\bill-backend-dao\target\classes\mappers\UserMapper.xml]'  
[2018-12-17 10:09:27,146] [DEBUG] - [restartedMain] [] [com.qsqx.Application] [] - Running with Spring Boot v2.0.1.RELEASE, Spring v5.0.5.RELEASE  
[2018-12-17 10:09:28,486] [DEBUG] - [restartedMain] [] [org.mybatis.spring.mapper.ClassPathMapperScanner] [] - Identified candidate component class: file [E:\workspace\ide\bill-backend-parent\bill-backend-dao\target\classes\com\qsqx\mapper\UserMapper.class]  
[2018-12-17 10:09:28,486] [DEBUG] - [restartedMain] [] [org.mybatis.spring.mapper.ClassPathMapperScanner] [] - Creating MapperFactoryBean with name 'userMapper' and 'com.qsqx.mapper.UserMapper' mapperInterface  
[2018-12-17 10:09:28,487] [DEBUG] - [restartedMain] [] [org.mybatis.spring.mapper.ClassPathMapperScanner] [] - Enabling autowire by type for MapperFactoryBean with name 'userMapper'.  
[2018-12-17 10:09:30,892] [DEBUG] - [restartedMain] [] [org.mybatis.spring.SqlSessionFactoryBean] [] - Scanned package: 'com.xdd.entity' for aliases  
[2018-12-17 10:09:30,957] [DEBUG] - [restartedMain] [] [org.mybatis.spring.SqlSessionFactoryBean] [] - Parsed mapper file: 'file [E:\workspace\ide\bill-backend-parent\bill-backend-dao\target\classes\mappers\UserMapper.xml]'  
[2018-12-17 10:26:53,420] [DEBUG] - [restartedMain] [] [com.qsqx.Application] [] - Running with Spring Boot v2.0.1.RELEASE, Spring v5.0.5.RELEASE  
[2018-12-17 10:26:55,964] [DEBUG] - [restartedMain] [] [org.mybatis.spring.mapper.ClassPathMapperScanner] [] - Identified candidate component class: file [E:\workspace\ide\bill-backend-parent\bill-backend-dao\target\classes\com\qsqx\mapper\UserMapper.class]  
[2018-12-17 10:26:55,964] [DEBUG] - [restartedMain] [] [org.mybatis.spring.mapper.ClassPathMapperScanner] [] - Creating MapperFactoryBean with name 'userMapper' and 'com.qsqx.mapper.UserMapper' mapperInterface  
[2018-12-17 10:26:55,964] [DEBUG] - [restartedMain] [] [org.mybatis.spring.mapper.ClassPathMapperScanner] [] - Enabling autowire by type for MapperFactoryBean with name 'userMapper'.  
[2018-12-17 10:26:58,470] [DEBUG] - [restartedMain] [] [org.mybatis.spring.SqlSessionFactoryBean] [] - Scanned package: 'com.xdd.entity' for aliases  
[2018-12-17 10:26:58,533] [DEBUG] - [restartedMain] [] [org.mybatis.spring.SqlSessionFactoryBean] [] - Parsed mapper file: 'file [E:\workspace\ide\bill-backend-parent\bill-backend-dao\target\classes\mappers\UserMapper.xml]'  
[2018-12-17 10:28:22,184] [DEBUG] - [restartedMain] [] [com.qsqx.Application] [] - Running with Spring Boot v2.0.1.RELEASE, Spring v5.0.5.RELEASE  
[2018-12-17 10:28:23,382] [DEBUG] - [restartedMain] [] [org.mybatis.spring.mapper.ClassPathMapperScanner] [] - Identified candidate component class: file [E:\workspace\ide\bill-backend-parent\bill-backend-dao\target\classes\com\qsqx\mapper\UserMapper.class]  
[2018-12-17 10:28:23,383] [DEBUG] - [restartedMain] [] [org.mybatis.spring.mapper.ClassPathMapperScanner] [] - Creating MapperFactoryBean with name 'userMapper' and 'com.qsqx.mapper.UserMapper' mapperInterface  
[2018-12-17 10:28:23,383] [DEBUG] - [restartedMain] [] [org.mybatis.spring.mapper.ClassPathMapperScanner] [] - Enabling autowire by type for MapperFactoryBean with name 'userMapper'.  
[2018-12-17 10:28:26,785] [DEBUG] - [restartedMain] [] [org.mybatis.spring.SqlSessionFactoryBean] [] - Scanned package: 'com.xdd.entity' for aliases  
[2018-12-17 10:28:26,847] [DEBUG] - [restartedMain] [] [org.mybatis.spring.SqlSessionFactoryBean] [] - Parsed mapper file: 'file [E:\workspace\ide\bill-backend-parent\bill-backend-dao\target\classes\mappers\UserMapper.xml]'  
[2018-12-17 10:28:58,788] [DEBUG] - [restartedMain] [] [com.qsqx.Application] [] - Running with Spring Boot v2.0.1.RELEASE, Spring v5.0.5.RELEASE  
[2018-12-17 10:29:00,010] [DEBUG] - [restartedMain] [] [org.mybatis.spring.mapper.ClassPathMapperScanner] [] - Identified candidate component class: file [E:\workspace\ide\bill-backend-parent\bill-backend-dao\target\classes\com\qsqx\mapper\UserMapper.class]  
[2018-12-17 10:29:00,010] [DEBUG] - [restartedMain] [] [org.mybatis.spring.mapper.ClassPathMapperScanner] [] - Creating MapperFactoryBean with name 'userMapper' and 'com.qsqx.mapper.UserMapper' mapperInterface  
[2018-12-17 10:29:00,010] [DEBUG] - [restartedMain] [] [org.mybatis.spring.mapper.ClassPathMapperScanner] [] - Enabling autowire by type for MapperFactoryBean with name 'userMapper'.  
[2018-12-17 10:29:02,603] [DEBUG] - [restartedMain] [] [org.mybatis.spring.SqlSessionFactoryBean] [] - Scanned package: 'com.xdd.entity' for aliases  
[2018-12-17 10:29:02,667] [DEBUG] - [restartedMain] [] [org.mybatis.spring.SqlSessionFactoryBean] [] - Parsed mapper file: 'file [E:\workspace\ide\bill-backend-parent\bill-backend-dao\target\classes\mappers\UserMapper.xml]'  
[2018-12-17 10:36:29,481] [DEBUG] - [restartedMain] [] [com.qsqx.Application] [] - Running with Spring Boot v2.0.1.RELEASE, Spring v5.0.5.RELEASE  
[2018-12-17 10:36:30,896] [DEBUG] - [restartedMain] [] [org.mybatis.spring.mapper.ClassPathMapperScanner] [] - Identified candidate component class: file [E:\workspace\ide\bill-backend-parent\bill-backend-dao\target\classes\com\qsqx\mapper\UserMapper.class]  
[2018-12-17 10:36:30,897] [DEBUG] - [restartedMain] [] [org.mybatis.spring.mapper.ClassPathMapperScanner] [] - Creating MapperFactoryBean with name 'userMapper' and 'com.qsqx.mapper.UserMapper' mapperInterface  
[2018-12-17 10:36:30,897] [DEBUG] - [restartedMain] [] [org.mybatis.spring.mapper.ClassPathMapperScanner] [] - Enabling autowire by type for MapperFactoryBean with name 'userMapper'.  
[2018-12-17 10:36:33,293] [DEBUG] - [restartedMain] [] [org.mybatis.spring.SqlSessionFactoryBean] [] - Scanned package: 'com.xdd.entity' for aliases  
[2018-12-17 10:36:33,359] [DEBUG] - [restartedMain] [] [org.mybatis.spring.SqlSessionFactoryBean] [] - Parsed mapper file: 'file [E:\workspace\ide\bill-backend-parent\bill-backend-dao\target\classes\mappers\UserMapper.xml]'  
[2018-12-17 10:48:58,213] [DEBUG] - [restartedMain] [] [com.qsqx.Application] [] - Running with Spring Boot v2.0.1.RELEASE, Spring v5.0.5.RELEASE  
[2018-12-17 10:48:59,452] [DEBUG] - [restartedMain] [] [org.mybatis.spring.mapper.ClassPathMapperScanner] [] - Identified candidate component class: file [E:\workspace\ide\bill-backend-parent\bill-backend-dao\target\classes\com\qsqx\mapper\UserMapper.class]  
[2018-12-17 10:48:59,452] [DEBUG] - [restartedMain] [] [org.mybatis.spring.mapper.ClassPathMapperScanner] [] - Creating MapperFactoryBean with name 'userMapper' and 'com.qsqx.mapper.UserMapper' mapperInterface  
[2018-12-17 10:48:59,452] [DEBUG] - [restartedMain] [] [org.mybatis.spring.mapper.ClassPathMapperScanner] [] - Enabling autowire by type for MapperFactoryBean with name 'userMapper'.  
[2018-12-17 10:49:01,869] [DEBUG] - [restartedMain] [] [org.mybatis.spring.SqlSessionFactoryBean] [] - Scanned package: 'com.xdd.entity' for aliases  
[2018-12-17 10:49:01,931] [DEBUG] - [restartedMain] [] [org.mybatis.spring.SqlSessionFactoryBean] [] - Parsed mapper file: 'file [E:\workspace\ide\bill-backend-parent\bill-backend-dao\target\classes\mappers\UserMapper.xml]'  
[2018-12-17 11:05:11,078] [DEBUG] - [restartedMain] [] [com.qsqx.Application] [] - Running with Spring Boot v2.0.1.RELEASE, Spring v5.0.5.RELEASE  
[2018-12-17 11:05:12,730] [DEBUG] - [restartedMain] [] [org.mybatis.spring.mapper.ClassPathMapperScanner] [] - Identified candidate component class: file [E:\workspace\ide\bill-backend-parent\bill-backend-dao\target\classes\com\qsqx\mapper\UserMapper.class]  
[2018-12-17 11:05:12,731] [DEBUG] - [restartedMain] [] [org.mybatis.spring.mapper.ClassPathMapperScanner] [] - Creating MapperFactoryBean with name 'userMapper' and 'com.qsqx.mapper.UserMapper' mapperInterface  
[2018-12-17 11:05:12,731] [DEBUG] - [restartedMain] [] [org.mybatis.spring.mapper.ClassPathMapperScanner] [] - Enabling autowire by type for MapperFactoryBean with name 'userMapper'.  
[2018-12-17 11:05:15,277] [DEBUG] - [restartedMain] [] [org.mybatis.spring.SqlSessionFactoryBean] [] - Scanned package: 'com.xdd.entity' for aliases  
[2018-12-17 11:05:15,346] [DEBUG] - [restartedMain] [] [org.mybatis.spring.SqlSessionFactoryBean] [] - Parsed mapper file: 'file [E:\workspace\ide\bill-backend-parent\bill-backend-dao\target\classes\mappers\UserMapper.xml]'  
[2018-12-17 12:57:54,730] [DEBUG] - [restartedMain] [] [com.qsqx.Application] [] - Running with Spring Boot v2.0.1.RELEASE, Spring v5.0.5.RELEASE  
[2018-12-17 12:57:56,361] [DEBUG] - [restartedMain] [] [org.mybatis.spring.mapper.ClassPathMapperScanner] [] - Identified candidate component class: file [E:\workspace\ide\bill-backend-parent\bill-backend-dao\target\classes\com\qsqx\mapper\UserMapper.class]  
[2018-12-17 12:57:56,362] [DEBUG] - [restartedMain] [] [org.mybatis.spring.mapper.ClassPathMapperScanner] [] - Creating MapperFactoryBean with name 'userMapper' and 'com.qsqx.mapper.UserMapper' mapperInterface  
[2018-12-17 12:57:56,362] [DEBUG] - [restartedMain] [] [org.mybatis.spring.mapper.ClassPathMapperScanner] [] - Enabling autowire by type for MapperFactoryBean with name 'userMapper'.  
[2018-12-17 12:57:58,921] [DEBUG] - [restartedMain] [] [org.mybatis.spring.SqlSessionFactoryBean] [] - Scanned package: 'com.xdd.entity' for aliases  
[2018-12-17 12:57:59,007] [DEBUG] - [restartedMain] [] [org.mybatis.spring.SqlSessionFactoryBean] [] - Parsed mapper file: 'file [E:\workspace\ide\bill-backend-parent\bill-backend-dao\target\classes\mappers\UserMapper.xml]'  
[2018-12-17 13:01:59,032] [DEBUG] - [restartedMain] [] [com.qsqx.Application] [] - Running with Spring Boot v2.0.1.RELEASE, Spring v5.0.5.RELEASE  
[2018-12-17 13:02:00,425] [DEBUG] - [restartedMain] [] [org.mybatis.spring.mapper.ClassPathMapperScanner] [] - Identified candidate component class: file [E:\workspace\ide\bill-backend-parent\bill-backend-dao\target\classes\com\qsqx\mapper\UserMapper.class]  
[2018-12-17 13:02:00,425] [DEBUG] - [restartedMain] [] [org.mybatis.spring.mapper.ClassPathMapperScanner] [] - Creating MapperFactoryBean with name 'userMapper' and 'com.qsqx.mapper.UserMapper' mapperInterface  
[2018-12-17 13:02:00,425] [DEBUG] - [restartedMain] [] [org.mybatis.spring.mapper.ClassPathMapperScanner] [] - Enabling autowire by type for MapperFactoryBean with name 'userMapper'.  
[2018-12-17 13:02:02,996] [DEBUG] - [restartedMain] [] [org.mybatis.spring.SqlSessionFactoryBean] [] - Scanned package: 'com.xdd.entity' for aliases  
[2018-12-17 13:02:03,066] [DEBUG] - [restartedMain] [] [org.mybatis.spring.SqlSessionFactoryBean] [] - Parsed mapper file: 'file [E:\workspace\ide\bill-backend-parent\bill-backend-dao\target\classes\mappers\UserMapper.xml]'  
[2018-12-17 13:03:00,884] [DEBUG] - [restartedMain] [] [com.qsqx.Application] [] - Running with Spring Boot v2.0.1.RELEASE, Spring v5.0.5.RELEASE  
[2018-12-17 13:03:02,580] [DEBUG] - [restartedMain] [] [org.mybatis.spring.mapper.ClassPathMapperScanner] [] - Identified candidate component class: file [E:\workspace\ide\bill-backend-parent\bill-backend-dao\target\classes\com\qsqx\mapper\UserMapper.class]  
[2018-12-17 13:03:02,580] [DEBUG] - [restartedMain] [] [org.mybatis.spring.mapper.ClassPathMapperScanner] [] - Creating MapperFactoryBean with name 'userMapper' and 'com.qsqx.mapper.UserMapper' mapperInterface  
[2018-12-17 13:03:02,580] [DEBUG] - [restartedMain] [] [org.mybatis.spring.mapper.ClassPathMapperScanner] [] - Enabling autowire by type for MapperFactoryBean with name 'userMapper'.  
[2018-12-17 13:03:06,858] [DEBUG] - [restartedMain] [] [org.mybatis.spring.SqlSessionFactoryBean] [] - Scanned package: 'com.xdd.entity' for aliases  
[2018-12-17 13:03:07,039] [DEBUG] - [restartedMain] [] [org.mybatis.spring.SqlSessionFactoryBean] [] - Parsed mapper file: 'file [E:\workspace\ide\bill-backend-parent\bill-backend-dao\target\classes\mappers\UserMapper.xml]'  
[2018-12-17 13:03:32,033] [DEBUG] - [restartedMain] [] [com.qsqx.Application] [] - Running with Spring Boot v2.0.1.RELEASE, Spring v5.0.5.RELEASE  
[2018-12-17 13:03:34,182] [DEBUG] - [restartedMain] [] [org.mybatis.spring.mapper.ClassPathMapperScanner] [] - Identified candidate component class: file [E:\workspace\ide\bill-backend-parent\bill-backend-dao\target\classes\com\qsqx\mapper\UserMapper.class]  
[2018-12-17 13:03:34,183] [DEBUG] - [restartedMain] [] [org.mybatis.spring.mapper.ClassPathMapperScanner] [] - Creating MapperFactoryBean with name 'userMapper' and 'com.qsqx.mapper.UserMapper' mapperInterface  
[2018-12-17 13:03:34,183] [DEBUG] - [restartedMain] [] [org.mybatis.spring.mapper.ClassPathMapperScanner] [] - Enabling autowire by type for MapperFactoryBean with name 'userMapper'.  
[2018-12-17 13:03:38,325] [DEBUG] - [restartedMain] [] [org.mybatis.spring.SqlSessionFactoryBean] [] - Scanned package: 'com.xdd.entity' for aliases  
[2018-12-17 13:03:38,714] [DEBUG] - [restartedMain] [] [org.mybatis.spring.SqlSessionFactoryBean] [] - Parsed mapper file: 'file [E:\workspace\ide\bill-backend-parent\bill-backend-dao\target\classes\mappers\UserMapper.xml]'  
[2018-12-17 13:08:29,147] [DEBUG] - [restartedMain] [] [com.qsqx.Application] [] - Running with Spring Boot v2.0.1.RELEASE, Spring v5.0.5.RELEASE  
[2018-12-17 13:08:30,451] [DEBUG] - [restartedMain] [] [org.mybatis.spring.mapper.ClassPathMapperScanner] [] - Identified candidate component class: file [E:\workspace\ide\bill-backend-parent\bill-backend-dao\target\classes\com\qsqx\mapper\UserMapper.class]  
[2018-12-17 13:08:30,451] [DEBUG] - [restartedMain] [] [org.mybatis.spring.mapper.ClassPathMapperScanner] [] - Creating MapperFactoryBean with name 'userMapper' and 'com.qsqx.mapper.UserMapper' mapperInterface  
[2018-12-17 13:08:30,451] [DEBUG] - [restartedMain] [] [org.mybatis.spring.mapper.ClassPathMapperScanner] [] - Enabling autowire by type for MapperFactoryBean with name 'userMapper'.  
[2018-12-17 13:08:33,389] [DEBUG] - [restartedMain] [] [org.mybatis.spring.SqlSessionFactoryBean] [] - Scanned package: 'com.xdd.entity' for aliases  
[2018-12-17 13:08:33,461] [DEBUG] - [restartedMain] [] [org.mybatis.spring.SqlSessionFactoryBean] [] - Parsed mapper file: 'file [E:\workspace\ide\bill-backend-parent\bill-backend-dao\target\classes\mappers\UserMapper.xml]'  
[2018-12-17 13:08:44,408] [DEBUG] - [restartedMain] [] [com.qsqx.Application] [] - Running with Spring Boot v2.0.1.RELEASE, Spring v5.0.5.RELEASE  
[2018-12-17 13:08:46,234] [DEBUG] - [restartedMain] [] [org.mybatis.spring.mapper.ClassPathMapperScanner] [] - Identified candidate component class: file [E:\workspace\ide\bill-backend-parent\bill-backend-dao\target\classes\com\qsqx\mapper\UserMapper.class]  
[2018-12-17 13:08:46,234] [DEBUG] - [restartedMain] [] [org.mybatis.spring.mapper.ClassPathMapperScanner] [] - Creating MapperFactoryBean with name 'userMapper' and 'com.qsqx.mapper.UserMapper' mapperInterface  
[2018-12-17 13:08:46,234] [DEBUG] - [restartedMain] [] [org.mybatis.spring.mapper.ClassPathMapperScanner] [] - Enabling autowire by type for MapperFactoryBean with name 'userMapper'.  
[2018-12-17 13:08:48,867] [DEBUG] - [restartedMain] [] [org.mybatis.spring.SqlSessionFactoryBean] [] - Scanned package: 'com.xdd.entity' for aliases  
[2018-12-17 13:08:48,939] [DEBUG] - [restartedMain] [] [org.mybatis.spring.SqlSessionFactoryBean] [] - Parsed mapper file: 'file [E:\workspace\ide\bill-backend-parent\bill-backend-dao\target\classes\mappers\UserMapper.xml]'  
[2018-12-17 13:11:21,503] [DEBUG] - [restartedMain] [] [com.qsqx.Application] [] - Running with Spring Boot v2.0.1.RELEASE, Spring v5.0.5.RELEASE  
[2018-12-17 13:11:22,900] [DEBUG] - [restartedMain] [] [org.mybatis.spring.mapper.ClassPathMapperScanner] [] - Identified candidate component class: file [E:\workspace\ide\bill-backend-parent\bill-backend-dao\target\classes\com\qsqx\mapper\UserMapper.class]  
[2018-12-17 13:11:22,900] [DEBUG] - [restartedMain] [] [org.mybatis.spring.mapper.ClassPathMapperScanner] [] - Creating MapperFactoryBean with name 'userMapper' and 'com.qsqx.mapper.UserMapper' mapperInterface  
[2018-12-17 13:11:22,901] [DEBUG] - [restartedMain] [] [org.mybatis.spring.mapper.ClassPathMapperScanner] [] - Enabling autowire by type for MapperFactoryBean with name 'userMapper'.  
[2018-12-17 13:11:25,858] [DEBUG] - [restartedMain] [] [org.mybatis.spring.SqlSessionFactoryBean] [] - Scanned package: 'com.xdd.entity' for aliases  
[2018-12-17 13:11:25,927] [DEBUG] - [restartedMain] [] [org.mybatis.spring.SqlSessionFactoryBean] [] - Parsed mapper file: 'file [E:\workspace\ide\bill-backend-parent\bill-backend-dao\target\classes\mappers\UserMapper.xml]'  
[2018-12-17 13:16:05,787] [DEBUG] - [restartedMain] [] [com.qsqx.Application] [] - Running with Spring Boot v2.0.1.RELEASE, Spring v5.0.5.RELEASE  
[2018-12-17 13:16:07,331] [DEBUG] - [restartedMain] [] [org.mybatis.spring.mapper.ClassPathMapperScanner] [] - Identified candidate component class: file [E:\workspace\ide\bill-backend-parent\bill-backend-dao\target\classes\com\qsqx\mapper\UserMapper.class]  
[2018-12-17 13:16:07,331] [DEBUG] - [restartedMain] [] [org.mybatis.spring.mapper.ClassPathMapperScanner] [] - Creating MapperFactoryBean with name 'userMapper' and 'com.qsqx.mapper.UserMapper' mapperInterface  
[2018-12-17 13:16:07,331] [DEBUG] - [restartedMain] [] [org.mybatis.spring.mapper.ClassPathMapperScanner] [] - Enabling autowire by type for MapperFactoryBean with name 'userMapper'.  
[2018-12-17 13:16:09,878] [DEBUG] - [restartedMain] [] [org.mybatis.spring.SqlSessionFactoryBean] [] - Scanned package: 'com.xdd.entity' for aliases  
[2018-12-17 13:16:09,949] [DEBUG] - [restartedMain] [] [org.mybatis.spring.SqlSessionFactoryBean] [] - Parsed mapper file: 'file [E:\workspace\ide\bill-backend-parent\bill-backend-dao\target\classes\mappers\UserMapper.xml]'  
[2018-12-17 14:21:11,839] [DEBUG] - [restartedMain] [] [com.qsqx.Application] [] - Running with Spring Boot v2.0.1.RELEASE, Spring v5.0.5.RELEASE  
[2018-12-17 14:21:13,446] [DEBUG] - [restartedMain] [] [org.mybatis.spring.mapper.ClassPathMapperScanner] [] - Identified candidate component class: file [E:\workspace\ide\bill-backend-parent\bill-backend-dao\target\classes\com\qsqx\mapper\UserMapper.class]  
[2018-12-17 14:21:13,447] [DEBUG] - [restartedMain] [] [org.mybatis.spring.mapper.ClassPathMapperScanner] [] - Creating MapperFactoryBean with name 'userMapper' and 'com.qsqx.mapper.UserMapper' mapperInterface  
[2018-12-17 14:21:13,447] [DEBUG] - [restartedMain] [] [org.mybatis.spring.mapper.ClassPathMapperScanner] [] - Enabling autowire by type for MapperFactoryBean with name 'userMapper'.  
[2018-12-17 14:21:16,449] [DEBUG] - [restartedMain] [] [org.mybatis.spring.SqlSessionFactoryBean] [] - Scanned package: 'com.xdd.entity' for aliases  
[2018-12-17 14:21:16,530] [DEBUG] - [restartedMain] [] [org.mybatis.spring.SqlSessionFactoryBean] [] - Parsed mapper file: 'file [E:\workspace\ide\bill-backend-parent\bill-backend-dao\target\classes\mappers\UserMapper.xml]'  
[2018-12-17 14:22:01,865] [DEBUG] - [restartedMain] [] [com.qsqx.Application] [] - Running with Spring Boot v2.0.1.RELEASE, Spring v5.0.5.RELEASE  
[2018-12-17 14:22:03,556] [DEBUG] - [restartedMain] [] [org.mybatis.spring.mapper.ClassPathMapperScanner] [] - Identified candidate component class: file [E:\workspace\ide\bill-backend-parent\bill-backend-dao\target\classes\com\qsqx\mapper\UserMapper.class]  
[2018-12-17 14:22:03,557] [DEBUG] - [restartedMain] [] [org.mybatis.spring.mapper.ClassPathMapperScanner] [] - Creating MapperFactoryBean with name 'userMapper' and 'com.qsqx.mapper.UserMapper' mapperInterface  
[2018-12-17 14:22:03,557] [DEBUG] - [restartedMain] [] [org.mybatis.spring.mapper.ClassPathMapperScanner] [] - Enabling autowire by type for MapperFactoryBean with name 'userMapper'.  
[2018-12-17 14:22:06,629] [DEBUG] - [restartedMain] [] [org.mybatis.spring.SqlSessionFactoryBean] [] - Scanned package: 'com.xdd.entity' for aliases  
[2018-12-17 14:22:06,706] [DEBUG] - [restartedMain] [] [org.mybatis.spring.SqlSessionFactoryBean] [] - Parsed mapper file: 'file [E:\workspace\ide\bill-backend-parent\bill-backend-dao\target\classes\mappers\UserMapper.xml]'  
[2018-12-17 14:22:14,153] [DEBUG] - [http-nio-80-exec-4] [] [org.mybatis.spring.SqlSessionUtils] [] - Creating a new SqlSession  
[2018-12-17 14:22:14,166] [DEBUG] - [http-nio-80-exec-4] [] [org.mybatis.spring.SqlSessionUtils] [] - SqlSession [org.apache.ibatis.session.defaults.DefaultSqlSession@6b9b658a] was not registered for synchronization because synchronization is not active  
[2018-12-17 14:22:14,170] [DEBUG] - [http-nio-80-exec-4] [] [org.mybatis.spring.SqlSessionUtils] [] - Closing non transactional SqlSession [org.apache.ibatis.session.defaults.DefaultSqlSession@6b9b658a]  
[2018-12-17 14:22:38,304] [DEBUG] - [restartedMain] [] [com.qsqx.Application] [] - Running with Spring Boot v2.0.1.RELEASE, Spring v5.0.5.RELEASE  
[2018-12-17 14:22:40,047] [DEBUG] - [restartedMain] [] [org.mybatis.spring.mapper.ClassPathMapperScanner] [] - Identified candidate component class: file [E:\workspace\ide\bill-backend-parent\bill-backend-dao\target\classes\com\qsqx\mapper\UserMapper.class]  
[2018-12-17 14:22:40,047] [DEBUG] - [restartedMain] [] [org.mybatis.spring.mapper.ClassPathMapperScanner] [] - Creating MapperFactoryBean with name 'userMapper' and 'com.qsqx.mapper.UserMapper' mapperInterface  
[2018-12-17 14:22:40,047] [DEBUG] - [restartedMain] [] [org.mybatis.spring.mapper.ClassPathMapperScanner] [] - Enabling autowire by type for MapperFactoryBean with name 'userMapper'.  
[2018-12-17 14:22:42,824] [DEBUG] - [restartedMain] [] [org.mybatis.spring.SqlSessionFactoryBean] [] - Scanned package: 'com.xdd.entity' for aliases  
[2018-12-17 14:22:42,897] [DEBUG] - [restartedMain] [] [org.mybatis.spring.SqlSessionFactoryBean] [] - Parsed mapper file: 'file [E:\workspace\ide\bill-backend-parent\bill-backend-dao\target\classes\mappers\UserMapper.xml]'  
[2018-12-17 15:04:15,970] [DEBUG] - [restartedMain] [] [com.qsqx.Application] [] - Running with Spring Boot v2.0.1.RELEASE, Spring v5.0.5.RELEASE  
[2018-12-17 15:04:17,418] [DEBUG] - [restartedMain] [] [org.mybatis.spring.mapper.ClassPathMapperScanner] [] - Identified candidate component class: file [E:\workspace\ide\bill-backend-parent\bill-backend-dao\target\classes\com\qsqx\mapper\UserMapper.class]  
[2018-12-17 15:04:17,418] [DEBUG] - [restartedMain] [] [org.mybatis.spring.mapper.ClassPathMapperScanner] [] - Creating MapperFactoryBean with name 'userMapper' and 'com.qsqx.mapper.UserMapper' mapperInterface  
[2018-12-17 15:04:17,418] [DEBUG] - [restartedMain] [] [org.mybatis.spring.mapper.ClassPathMapperScanner] [] - Enabling autowire by type for MapperFactoryBean with name 'userMapper'.  
[2018-12-17 15:04:20,054] [DEBUG] - [restartedMain] [] [org.mybatis.spring.SqlSessionFactoryBean] [] - Scanned package: 'com.xdd.entity' for aliases  
[2018-12-17 15:04:20,128] [DEBUG] - [restartedMain] [] [org.mybatis.spring.SqlSessionFactoryBean] [] - Parsed mapper file: 'file [E:\workspace\ide\bill-backend-parent\bill-backend-dao\target\classes\mappers\UserMapper.xml]'  
[2018-12-17 15:04:26,995] [DEBUG] - [http-nio-80-exec-2] [] [org.mybatis.spring.SqlSessionUtils] [] - Creating a new SqlSession  
[2018-12-17 15:04:27,003] [DEBUG] - [http-nio-80-exec-2] [] [org.mybatis.spring.SqlSessionUtils] [] - SqlSession [org.apache.ibatis.session.defaults.DefaultSqlSession@40e07c56] was not registered for synchronization because synchronization is not active  
[2018-12-17 15:04:27,006] [DEBUG] - [http-nio-80-exec-2] [] [org.mybatis.spring.SqlSessionUtils] [] - Closing non transactional SqlSession [org.apache.ibatis.session.defaults.DefaultSqlSession@40e07c56]  
[2018-12-17 17:01:37,262] [DEBUG] - [restartedMain] [] [com.qsqx.Application] [] - Running with Spring Boot v2.0.1.RELEASE, Spring v5.0.5.RELEASE  
[2018-12-17 17:01:39,167] [DEBUG] - [restartedMain] [] [org.mybatis.spring.mapper.ClassPathMapperScanner] [] - Identified candidate component class: file [E:\workspace\ide\bill-backend-parent\bill-backend-dao\target\classes\com\qsqx\mapper\UserMapper.class]  
[2018-12-17 17:01:39,167] [DEBUG] - [restartedMain] [] [org.mybatis.spring.mapper.ClassPathMapperScanner] [] - Creating MapperFactoryBean with name 'userMapper' and 'com.qsqx.mapper.UserMapper' mapperInterface  
[2018-12-17 17:01:39,167] [DEBUG] - [restartedMain] [] [org.mybatis.spring.mapper.ClassPathMapperScanner] [] - Enabling autowire by type for MapperFactoryBean with name 'userMapper'.  
[2018-12-17 17:01:41,775] [DEBUG] - [restartedMain] [] [org.mybatis.spring.SqlSessionFactoryBean] [] - Scanned package: 'com.xdd.entity' for aliases  
[2018-12-17 17:01:41,848] [DEBUG] - [restartedMain] [] [org.mybatis.spring.SqlSessionFactoryBean] [] - Parsed mapper file: 'file [E:\workspace\ide\bill-backend-parent\bill-backend-dao\target\classes\mappers\UserMapper.xml]'  
[2018-12-17 17:02:35,545] [DEBUG] - [restartedMain] [] [com.qsqx.Application] [] - Running with Spring Boot v2.0.1.RELEASE, Spring v5.0.5.RELEASE  
[2018-12-17 17:02:36,925] [DEBUG] - [restartedMain] [] [org.mybatis.spring.mapper.ClassPathMapperScanner] [] - Identified candidate component class: file [E:\workspace\ide\bill-backend-parent\bill-backend-dao\target\classes\com\qsqx\mapper\UserMapper.class]  
[2018-12-17 17:02:36,925] [DEBUG] - [restartedMain] [] [org.mybatis.spring.mapper.ClassPathMapperScanner] [] - Creating MapperFactoryBean with name 'userMapper' and 'com.qsqx.mapper.UserMapper' mapperInterface  
[2018-12-17 17:02:36,926] [DEBUG] - [restartedMain] [] [org.mybatis.spring.mapper.ClassPathMapperScanner] [] - Enabling autowire by type for MapperFactoryBean with name 'userMapper'.  
[2018-12-17 17:02:39,892] [DEBUG] - [restartedMain] [] [org.mybatis.spring.SqlSessionFactoryBean] [] - Scanned package: 'com.xdd.entity' for aliases  
[2018-12-17 17:02:39,968] [DEBUG] - [restartedMain] [] [org.mybatis.spring.SqlSessionFactoryBean] [] - Parsed mapper file: 'file [E:\workspace\ide\bill-backend-parent\bill-backend-dao\target\classes\mappers\UserMapper.xml]'  
[2018-12-17 17:05:45,318] [DEBUG] - [restartedMain] [] [com.qsqx.Application] [] - Running with Spring Boot v2.0.1.RELEASE, Spring v5.0.5.RELEASE  
[2018-12-17 17:05:47,039] [DEBUG] - [restartedMain] [] [org.mybatis.spring.mapper.ClassPathMapperScanner] [] - Identified candidate component class: file [E:\workspace\ide\bill-backend-parent\bill-backend-dao\target\classes\com\qsqx\mapper\UserMapper.class]  
[2018-12-17 17:05:47,040] [DEBUG] - [restartedMain] [] [org.mybatis.spring.mapper.ClassPathMapperScanner] [] - Creating MapperFactoryBean with name 'userMapper' and 'com.qsqx.mapper.UserMapper' mapperInterface  
[2018-12-17 17:05:47,040] [DEBUG] - [restartedMain] [] [org.mybatis.spring.mapper.ClassPathMapperScanner] [] - Enabling autowire by type for MapperFactoryBean with name 'userMapper'.  
[2018-12-17 17:05:50,355] [DEBUG] - [restartedMain] [] [org.mybatis.spring.SqlSessionFactoryBean] [] - Scanned package: 'com.xdd.entity' for aliases  
[2018-12-17 17:05:50,434] [DEBUG] - [restartedMain] [] [org.mybatis.spring.SqlSessionFactoryBean] [] - Parsed mapper file: 'file [E:\workspace\ide\bill-backend-parent\bill-backend-dao\target\classes\mappers\UserMapper.xml]'  
[2018-12-17 18:22:08,675] [DEBUG] - [restartedMain] [] [com.qsqx.Application] [] - Running with Spring Boot v2.0.1.RELEASE, Spring v5.0.5.RELEASE  
[2018-12-17 18:22:10,868] [DEBUG] - [restartedMain] [] [org.mybatis.spring.mapper.ClassPathMapperScanner] [] - Identified candidate component class: file [E:\workspace\ide\bill-backend-parent\bill-backend-dao\target\classes\com\qsqx\mapper\UserMapper.class]  
[2018-12-17 18:22:10,869] [DEBUG] - [restartedMain] [] [org.mybatis.spring.mapper.ClassPathMapperScanner] [] - Creating MapperFactoryBean with name 'userMapper' and 'com.qsqx.mapper.UserMapper' mapperInterface  
[2018-12-17 18:22:10,869] [DEBUG] - [restartedMain] [] [org.mybatis.spring.mapper.ClassPathMapperScanner] [] - Enabling autowire by type for MapperFactoryBean with name 'userMapper'.  
[2018-12-17 18:22:13,794] [DEBUG] - [restartedMain] [] [org.mybatis.spring.SqlSessionFactoryBean] [] - Scanned package: 'com.xdd.entity' for aliases  
[2018-12-17 18:22:13,871] [DEBUG] - [restartedMain] [] [org.mybatis.spring.SqlSessionFactoryBean] [] - Parsed mapper file: 'file [E:\workspace\ide\bill-backend-parent\bill-backend-dao\target\classes\mappers\UserMapper.xml]'  
[2018-12-17 18:24:14,526] [DEBUG] - [restartedMain] [] [com.qsqx.Application] [] - Running with Spring Boot v2.0.1.RELEASE, Spring v5.0.5.RELEASE  
[2018-12-17 18:24:16,696] [DEBUG] - [restartedMain] [] [org.mybatis.spring.mapper.ClassPathMapperScanner] [] - Identified candidate component class: file [E:\workspace\ide\bill-backend-parent\bill-backend-dao\target\classes\com\qsqx\mapper\UserMapper.class]  
[2018-12-17 18:24:16,696] [DEBUG] - [restartedMain] [] [org.mybatis.spring.mapper.ClassPathMapperScanner] [] - Creating MapperFactoryBean with name 'userMapper' and 'com.qsqx.mapper.UserMapper' mapperInterface  
[2018-12-17 18:24:16,697] [DEBUG] - [restartedMain] [] [org.mybatis.spring.mapper.ClassPathMapperScanner] [] - Enabling autowire by type for MapperFactoryBean with name 'userMapper'.  
[2018-12-17 18:24:21,349] [DEBUG] - [restartedMain] [] [org.mybatis.spring.SqlSessionFactoryBean] [] - Scanned package: 'com.xdd.entity' for aliases  
[2018-12-17 18:24:21,556] [DEBUG] - [restartedMain] [] [org.mybatis.spring.SqlSessionFactoryBean] [] - Parsed mapper file: 'file [E:\workspace\ide\bill-backend-parent\bill-backend-dao\target\classes\mappers\UserMapper.xml]'  
[2018-12-17 18:35:18,251] [DEBUG] - [restartedMain] [] [com.qsqx.Application] [] - Running with Spring Boot v2.0.1.RELEASE, Spring v5.0.5.RELEASE  
[2018-12-17 18:35:20,132] [DEBUG] - [restartedMain] [] [org.mybatis.spring.mapper.ClassPathMapperScanner] [] - Identified candidate component class: file [E:\workspace\ide\bill-backend-parent\bill-backend-dao\target\classes\com\qsqx\mapper\UserMapper.class]  
[2018-12-17 18:35:20,132] [DEBUG] - [restartedMain] [] [org.mybatis.spring.mapper.ClassPathMapperScanner] [] - Creating MapperFactoryBean with name 'userMapper' and 'com.qsqx.mapper.UserMapper' mapperInterface  
[2018-12-17 18:35:20,132] [DEBUG] - [restartedMain] [] [org.mybatis.spring.mapper.ClassPathMapperScanner] [] - Enabling autowire by type for MapperFactoryBean with name 'userMapper'.  
[2018-12-17 18:35:23,209] [DEBUG] - [restartedMain] [] [org.mybatis.spring.SqlSessionFactoryBean] [] - Scanned package: 'com.xdd.entity' for aliases  
[2018-12-17 18:35:23,294] [DEBUG] - [restartedMain] [] [org.mybatis.spring.SqlSessionFactoryBean] [] - Parsed mapper file: 'file [E:\workspace\ide\bill-backend-parent\bill-backend-dao\target\classes\mappers\UserMapper.xml]'  
